<?xml version="1.0" encoding="utf-8"?><testsuites><testsuite name="pytest" errors="0" failures="1" skipped="1" tests="3" time="0.763" timestamp="2026-07-03T13:56:53.817902" hostname="jetson-orin"><testcase classname="dobot_bringup.test.test_copyright" name="test_copyright" time="0.001"><skipped type="pytest.skip" message="No copyright header has been placed in the generated source file.">/home/jetson/dobot-magician/src/magician_ros2/dobot_bringup/test/test_copyright.py:20: No copyright header has been placed in the generated source file.</skipped></testcase><testcase classname="dobot_bringup.test.test_flake8" name="test_flake8" time="0.435"><failure message="AssertionError: Found 42 code style errors / warnings:&#10;  ./dobot_bringup/set_tool_null.py:15:1: E302 expected 2 blank lines, found 1&#10;  ./dobot_bringup/set_tool_null.py:25:11: W292 no newline at end of file&#10;  ./launch/dobot_magician_control_system.launch.py:1:10: E401 multiple imports on one line&#10;  ./launch/dobot_magician_control_system.launch.py:15:100: E501 line too long (142 &gt; 99 characters)&#10;  ./launch/dobot_magician_control_system.launch.py:22:5: E303 too many blank lines (2)&#10;  ./launch/dobot_magician_control_system.launch.py:23:57: W291 trailing whitespace&#10;  ./launch/dobot_magician_control_system.launch.py:27:10: E111 indentation is not a multiple of 4&#10;  ./launch/dobot_magician_control_system.launch.py:27:10: E117 over-indented&#10;  ./launch/dobot_magician_control_system.launch.py:30:10: E111 indentation is not a multiple of 4&#10;  ./launch/dobot_magician_control_system.launch.py:30:10: E117 over-indented&#10;  ./launch/dobot_magician_control_system.launch.py:32:15: E225 missing whitespace around operator&#10;  ./launch/dobot_magician_control_system.launch.py:32:57: E502 the backslash is redundant between brackets&#10;  ./launch/dobot_magician_control_system.launch.py:33:56: E502 the backslash is redundant between brackets&#10;  ./launch/dobot_magician_control_system.launch.py:34:64: E502 the backslash is redundant between brackets&#10;  ./launch/dobot_magician_control_system.launch.py:35:60: E502 the backslash is redundant between brackets&#10;  ./launch/dobot_magician_control_system.launch.py:37:5: E124 closing bracket does not match visual indentation&#10;  ./launch/dobot_magician_control_system.launch.py:41:5: E303 too many blank lines (2)&#10;  ./launch/dobot_magician_control_system.launch.py:48:18: E251 unexpected spaces around keyword / parameter equals&#10;  ./launch/dobot_magician_control_system.launch.py:48:20: E251 unexpected spaces around keyword / parameter equals&#10;  ./launch/dobot_magician_control_system.launch.py:51:13: E225 missing whitespace around operator&#10;  ./launch/dobot_magician_control_system.launch.py:57:18: E251 unexpected spaces around keyword / parameter equals&#10;  ./launch/dobot_magician_control_system.launch.py:57:20: E251 unexpected spaces around keyword / parameter equals&#10;  ./launch/dobot_magician_control_system.launch.py:64:18: E251 unexpected spaces around keyword / parameter equals&#10;  ./launch/dobot_magician_control_system.launch.py:64:20: E251 unexpected spaces around keyword / parameter equals&#10;  ./launch/dobot_magician_control_system.launch.py:71:18: E251 unexpected spaces around keyword / parameter equals&#10;  ./launch/dobot_magician_control_system.launch.py:71:20: E251 unexpected spaces around keyword / parameter equals&#10;  ./launch/dobot_magician_control_system.launch.py:74:13: E225 missing whitespace around operator&#10;  ./launch/dobot_magician_control_system.launch.py:80:18: E251 unexpected spaces around keyword / parameter equals&#10;  ./launch/dobot_magician_control_system.launch.py:80:20: E251 unexpected spaces around keyword / parameter equals&#10;  ./launch/dobot_magician_control_system.launch.py:83:27: E225 missing whitespace around operator&#10;  ./launch/dobot_magician_control_system.launch.py:89:18: E251 unexpected spaces around keyword / parameter equals&#10;  ./launch/dobot_magician_control_system.launch.py:89:20: E251 unexpected spaces around keyword / parameter equals&#10;  ./launch/dobot_magician_control_system.launch.py:92:17: E225 missing whitespace around operator&#10;  ./launch/dobot_magician_control_system.launch.py:98:18: E251 unexpected spaces around keyword / parameter equals&#10;  ./launch/dobot_magician_control_system.launch.py:98:20: E251 unexpected spaces around keyword / parameter equals&#10;  ./launch/dobot_magician_control_system.launch.py:105:18: E251 unexpected spaces around keyword / parameter equals&#10;  ./launch/dobot_magician_control_system.launch.py:105:20: E251 unexpected spaces around keyword / parameter equals&#10;  ./launch/dobot_magician_control_system.launch.py:111:53: W291 trailing whitespace&#10;  ./launch/dobot_magician_control_system.launch.py:191:5: E303 too many blank lines (3)&#10;  ./launch/dobot_magician_control_system.launch.py:197:21: E128 continuation line under-indented for visual indent&#10;  ./launch/dobot_magician_control_system.launch.py:207:5: E303 too many blank lines (2)&#10;  ./launch/dobot_magician_control_system.launch.py:250:5: E303 too many blank lines (2)&#10;assert 1 == 0">test/test_flake8.py:23: in test_flake8
    assert rc == 0, \
E   AssertionError: Found 42 code style errors / warnings:
E     ./dobot_bringup/set_tool_null.py:15:1: E302 expected 2 blank lines, found 1
E     ./dobot_bringup/set_tool_null.py:25:11: W292 no newline at end of file
E     ./launch/dobot_magician_control_system.launch.py:1:10: E401 multiple imports on one line
E     ./launch/dobot_magician_control_system.launch.py:15:100: E501 line too long (142 &gt; 99 characters)
E     ./launch/dobot_magician_control_system.launch.py:22:5: E303 too many blank lines (2)
E     ./launch/dobot_magician_control_system.launch.py:23:57: W291 trailing whitespace
E     ./launch/dobot_magician_control_system.launch.py:27:10: E111 indentation is not a multiple of 4
E     ./launch/dobot_magician_control_system.launch.py:27:10: E117 over-indented
E     ./launch/dobot_magician_control_system.launch.py:30:10: E111 indentation is not a multiple of 4
E     ./launch/dobot_magician_control_system.launch.py:30:10: E117 over-indented
E     ./launch/dobot_magician_control_system.launch.py:32:15: E225 missing whitespace around operator
E     ./launch/dobot_magician_control_system.launch.py:32:57: E502 the backslash is redundant between brackets
E     ./launch/dobot_magician_control_system.launch.py:33:56: E502 the backslash is redundant between brackets
E     ./launch/dobot_magician_control_system.launch.py:34:64: E502 the backslash is redundant between brackets
E     ./launch/dobot_magician_control_system.launch.py:35:60: E502 the backslash is redundant between brackets
E     ./launch/dobot_magician_control_system.launch.py:37:5: E124 closing bracket does not match visual indentation
E     ./launch/dobot_magician_control_system.launch.py:41:5: E303 too many blank lines (2)
E     ./launch/dobot_magician_control_system.launch.py:48:18: E251 unexpected spaces around keyword / parameter equals
E     ./launch/dobot_magician_control_system.launch.py:48:20: E251 unexpected spaces around keyword / parameter equals
E     ./launch/dobot_magician_control_system.launch.py:51:13: E225 missing whitespace around operator
E     ./launch/dobot_magician_control_system.launch.py:57:18: E251 unexpected spaces around keyword / parameter equals
E     ./launch/dobot_magician_control_system.launch.py:57:20: E251 unexpected spaces around keyword / parameter equals
E     ./launch/dobot_magician_control_system.launch.py:64:18: E251 unexpected spaces around keyword / parameter equals
E     ./launch/dobot_magician_control_system.launch.py:64:20: E251 unexpected spaces around keyword / parameter equals
E     ./launch/dobot_magician_control_system.launch.py:71:18: E251 unexpected spaces around keyword / parameter equals
E     ./launch/dobot_magician_control_system.launch.py:71:20: E251 unexpected spaces around keyword / parameter equals
E     ./launch/dobot_magician_control_system.launch.py:74:13: E225 missing whitespace around operator
E     ./launch/dobot_magician_control_system.launch.py:80:18: E251 unexpected spaces around keyword / parameter equals
E     ./launch/dobot_magician_control_system.launch.py:80:20: E251 unexpected spaces around keyword / parameter equals
E     ./launch/dobot_magician_control_system.launch.py:83:27: E225 missing whitespace around operator
E     ./launch/dobot_magician_control_system.launch.py:89:18: E251 unexpected spaces around keyword / parameter equals
E     ./launch/dobot_magician_control_system.launch.py:89:20: E251 unexpected spaces around keyword / parameter equals
E     ./launch/dobot_magician_control_system.launch.py:92:17: E225 missing whitespace around operator
E     ./launch/dobot_magician_control_system.launch.py:98:18: E251 unexpected spaces around keyword / parameter equals
E     ./launch/dobot_magician_control_system.launch.py:98:20: E251 unexpected spaces around keyword / parameter equals
E     ./launch/dobot_magician_control_system.launch.py:105:18: E251 unexpected spaces around keyword / parameter equals
E     ./launch/dobot_magician_control_system.launch.py:105:20: E251 unexpected spaces around keyword / parameter equals
E     ./launch/dobot_magician_control_system.launch.py:111:53: W291 trailing whitespace
E     ./launch/dobot_magician_control_system.launch.py:191:5: E303 too many blank lines (3)
E     ./launch/dobot_magician_control_system.launch.py:197:21: E128 continuation line under-indented for visual indent
E     ./launch/dobot_magician_control_system.launch.py:207:5: E303 too many blank lines (2)
E     ./launch/dobot_magician_control_system.launch.py:250:5: E303 too many blank lines (2)
E   assert 1 == 0</failure></testcase><testcase classname="dobot_bringup.test.test_pep257" name="test_pep257" time="0.061" /></testsuite></testsuites>