<?xml version="1.0" encoding="utf-8"?><testsuites><testsuite name="pytest" errors="0" failures="2" skipped="0" tests="3" time="1.465" timestamp="2026-07-03T13:56:54.764383" hostname="jetson-orin"><testcase classname="dobot_control_panel.test.test_copyright" name="test_copyright" time="0.433"><failure message="AssertionError: Found errors&#10;assert 1 == 0">test/test_copyright.py:23: in test_copyright
    assert rc == 0, 'Found errors'
E   AssertionError: Found errors
E   assert 1 == 0</failure></testcase><testcase classname="dobot_control_panel.test.test_flake8" name="test_flake8" time="0.612"><failure message="AssertionError: Found 114 code style errors / warnings:&#10;  ./setup.py:3:1: F401 'os' imported but unused&#10;  ./setup.py:33:1: W391 blank line at end of file&#10;  ./dobot_control_panel/dobot_control_panel_widget.py:5:1: F401 'itertools' imported but unused&#10;  ./dobot_control_panel/dobot_control_panel_widget.py:7:1: F401 'std_msgs.msg.String' imported but unused&#10;  ./dobot_control_panel/dobot_control_panel_widget.py:12:1: F401 'python_qt_binding.QtCore.Qt' imported but unused&#10;  ./dobot_control_panel/dobot_control_panel_widget.py:12:1: F401 'python_qt_binding.QtCore.QTimer' imported but unused&#10;  ./dobot_control_panel/dobot_control_panel_widget.py:12:1: F401 'python_qt_binding.QtCore.qWarning' imported but unused&#10;  ./dobot_control_panel/dobot_control_panel_widget.py:12:1: F401 'python_qt_binding.QtCore.Slot' imported but unused&#10;  ./dobot_control_panel/dobot_control_panel_widget.py:13:1: F401 'python_qt_binding.QtGui.QIcon' imported but unused&#10;  ./dobot_control_panel/dobot_control_panel_widget.py:14:1: F401 'python_qt_binding.QtWidgets.QHeaderView' imported but unused&#10;  ./dobot_control_panel/dobot_control_panel_widget.py:14:1: F401 'python_qt_binding.QtWidgets.QMenu' imported but unused&#10;  ./dobot_control_panel/dobot_control_panel_widget.py:14:1: F401 'python_qt_binding.QtWidgets.QTreeWidgetItem' imported but unused&#10;  ./dobot_control_panel/dobot_control_panel_widget.py:14:1: F401 'python_qt_binding.QtWidgets.QVBoxLayout' imported but unused&#10;  ./dobot_control_panel/dobot_control_panel_widget.py:14:1: F401 'python_qt_binding.QtWidgets.QSizePolicy' imported but unused&#10;  ./dobot_control_panel/dobot_control_panel_widget.py:14:100: E501 line too long (110 &gt; 99 characters)&#10;  ./dobot_control_panel/dobot_control_panel_widget.py:15:1: F401 'rqt_py_common.message_helpers.get_message_class' imported but unused&#10;  ./dobot_control_panel/dobot_control_panel_widget.py:17:1: F403 'from PyQt5.QtGui import *' used; unable to detect undefined names&#10;  ./dobot_control_panel/dobot_control_panel_widget.py:17:1: F401 'PyQt5.QtGui.*' imported but unused&#10;  ./dobot_control_panel/dobot_control_panel_widget.py:18:1: F403 'from PyQt5.QtCore import *' used; unable to detect undefined names&#10;  ./dobot_control_panel/dobot_control_panel_widget.py:18:1: F401 'PyQt5.QtCore.*' imported but unused&#10;  ./dobot_control_panel/dobot_control_panel_widget.py:20:1: F401 'rclpy' imported but unused&#10;  ./dobot_control_panel/dobot_control_panel_widget.py:21:1: F401 'geometry_msgs.msg.PoseStamped' imported but unused&#10;  ./dobot_control_panel/dobot_control_panel_widget.py:21:42: W291 trailing whitespace&#10;  ./dobot_control_panel/dobot_control_panel_widget.py:23:1: F401 'tf_transformations' imported but unused&#10;  ./dobot_control_panel/dobot_control_panel_widget.py:32:1: E303 too many blank lines (4)&#10;  ./dobot_control_panel/dobot_control_panel_widget.py:38:100: E501 line too long (146 &gt; 99 characters)&#10;  ./dobot_control_panel/dobot_control_panel_widget.py:41:100: E501 line too long (103 &gt; 99 characters)&#10;  ./dobot_control_panel/dobot_control_panel_widget.py:44:9: E303 too many blank lines (2)&#10;  ./dobot_control_panel/dobot_control_panel_widget.py:46:21: E221 multiple spaces before operator&#10;  ./dobot_control_panel/dobot_control_panel_widget.py:50:100: E501 line too long (119 &gt; 99 characters)&#10;  ./dobot_control_panel/dobot_control_panel_widget.py:54:9: E303 too many blank lines (2)&#10;  ./dobot_control_panel/dobot_control_panel_widget.py:66:100: E501 line too long (103 &gt; 99 characters)&#10;  ./dobot_control_panel/dobot_control_panel_widget.py:72:42: E231 missing whitespace after ','&#10;  ./dobot_control_panel/dobot_control_panel_widget.py:74:69: E261 at least two spaces before inline comment&#10;  ./dobot_control_panel/dobot_control_panel_widget.py:74:70: E262 inline comment should start with '# '&#10;  ./dobot_control_panel/dobot_control_panel_widget.py:85:44: E231 missing whitespace after ':'&#10;  ./dobot_control_panel/dobot_control_panel_widget.py:87:45: E231 missing whitespace after ':'&#10;  ./dobot_control_panel/dobot_control_panel_widget.py:89:1: W293 blank line contains whitespace&#10;  ./dobot_control_panel/dobot_control_panel_widget.py:90:44: E231 missing whitespace after ':'&#10;  ./dobot_control_panel/dobot_control_panel_widget.py:92:45: E231 missing whitespace after ':'&#10;  ./dobot_control_panel/dobot_control_panel_widget.py:95:44: E231 missing whitespace after ':'&#10;  ./dobot_control_panel/dobot_control_panel_widget.py:97:45: E231 missing whitespace after ':'&#10;  ./dobot_control_panel/dobot_control_panel_widget.py:100:44: E231 missing whitespace after ':'&#10;  ./dobot_control_panel/dobot_control_panel_widget.py:102:45: E231 missing whitespace after ':'&#10;  ./dobot_control_panel/dobot_control_panel_widget.py:110:46: E231 missing whitespace after ':'&#10;  ./dobot_control_panel/dobot_control_panel_widget.py:111:47: E231 missing whitespace after ':'&#10;  ./dobot_control_panel/dobot_control_panel_widget.py:114:9: E303 too many blank lines (2)&#10;  ./dobot_control_panel/dobot_control_panel_widget.py:121:57: E231 missing whitespace after ':'&#10;  ./dobot_control_panel/dobot_control_panel_widget.py:122:57: E231 missing whitespace after ':'&#10;  ./dobot_control_panel/dobot_control_panel_widget.py:123:57: E231 missing whitespace after ':'&#10;  ./dobot_control_panel/dobot_control_panel_widget.py:124:57: E231 missing whitespace after ':'&#10;  ./dobot_control_panel/dobot_control_panel_widget.py:126:52: E231 missing whitespace after ':'&#10;  ./dobot_control_panel/dobot_control_panel_widget.py:127:52: E231 missing whitespace after ':'&#10;  ./dobot_control_panel/dobot_control_panel_widget.py:128:52: E231 missing whitespace after ':'&#10;  ./dobot_control_panel/dobot_control_panel_widget.py:129:52: E231 missing whitespace after ':'&#10;  ./dobot_control_panel/dobot_control_panel_widget.py:133:59: E231 missing whitespace after ':'&#10;  ./dobot_control_panel/dobot_control_panel_widget.py:133:100: E501 line too long (104 &gt; 99 characters)&#10;  ./dobot_control_panel/dobot_control_panel_widget.py:134:59: E231 missing whitespace after ':'&#10;  ./dobot_control_panel/dobot_control_panel_widget.py:134:100: E501 line too long (104 &gt; 99 characters)&#10;  ./dobot_control_panel/dobot_control_panel_widget.py:135:59: E231 missing whitespace after ':'&#10;  ./dobot_control_panel/dobot_control_panel_widget.py:135:100: E501 line too long (104 &gt; 99 characters)&#10;  ./dobot_control_panel/dobot_control_panel_widget.py:136:59: E231 missing whitespace after ':'&#10;  ./dobot_control_panel/dobot_control_panel_widget.py:136:100: E501 line too long (104 &gt; 99 characters)&#10;  ./dobot_control_panel/dobot_control_panel_widget.py:138:54: E231 missing whitespace after ':'&#10;  ./dobot_control_panel/dobot_control_panel_widget.py:139:54: E231 missing whitespace after ':'&#10;  ./dobot_control_panel/dobot_control_panel_widget.py:140:54: E231 missing whitespace after ':'&#10;  ./dobot_control_panel/dobot_control_panel_widget.py:141:54: E231 missing whitespace after ':'&#10;  ./dobot_control_panel/dobot_control_panel_widget.py:159:9: E303 too many blank lines (4)&#10;  ./dobot_control_panel/dobot_control_panel_widget.py:160:42: E261 at least two spaces before inline comment&#10;  ./dobot_control_panel/dobot_control_panel_widget.py:167:5: E303 too many blank lines (4)&#10;  ./dobot_control_panel/dobot_control_panel_widget.py:174:5: E303 too many blank lines (2)&#10;  ./dobot_control_panel/dobot_control_panel_widget.py:175:100: E501 line too long (166 &gt; 99 characters)&#10;  ./dobot_control_panel/dobot_control_panel_widget.py:186:5: E303 too many blank lines (2)&#10;  ./dobot_control_panel/dobot_control_panel_widget.py:187:1: W293 blank line contains whitespace&#10;  ./dobot_control_panel/dobot_control_panel_widget.py:189:30: E712 comparison to True should be 'if cond is True:' or 'if cond:'&#10;  ./dobot_control_panel/dobot_control_panel_widget.py:191:1: W293 blank line contains whitespace&#10;  ./dobot_control_panel/dobot_control_panel_widget.py:193:30: E712 comparison to True should be 'if cond is True:' or 'if cond:'&#10;  ./dobot_control_panel/dobot_control_panel_widget.py:202:1: W293 blank line contains whitespace&#10;  ./dobot_control_panel/dobot_control_panel_widget.py:203:5: E303 too many blank lines (2)&#10;  ./dobot_control_panel/dobot_control_panel_widget.py:251:43: W291 trailing whitespace&#10;  ./dobot_control_panel/dobot_control_panel_widget.py:256:100: E501 line too long (154 &gt; 99 characters)&#10;  ./dobot_control_panel/dobot_control_panel_widget.py:267:35: W291 trailing whitespace&#10;  ./dobot_control_panel/dobot_control_panel_widget.py:278:100: E501 line too long (140 &gt; 99 characters)&#10;  ./dobot_control_panel/dobot_control_panel_widget.py:284:5: E303 too many blank lines (2)&#10;  ./dobot_control_panel/dobot_control_panel_widget.py:285:100: E501 line too long (148 &gt; 99 characters)&#10;  ./dobot_control_panel/dobot_control_panel_widget.py:291:1: W293 blank line contains whitespace&#10;  ./dobot_control_panel/dobot_control_panel_widget.py:293:100: E501 line too long (149 &gt; 99 characters)&#10;  ./dobot_control_panel/dobot_control_panel_widget.py:301:5: E303 too many blank lines (2)&#10;  ./dobot_control_panel/dobot_control_panel_widget.py:302:100: E501 line too long (122 &gt; 99 characters)&#10;  ./dobot_control_panel/dobot_control_panel_widget.py:308:100: E501 line too long (123 &gt; 99 characters)&#10;  ./dobot_control_panel/dobot_control_panel_widget.py:324:5: E303 too many blank lines (2)&#10;  ./dobot_control_panel/dobot_control_panel_widget.py:335:100: E501 line too long (196 &gt; 99 characters)&#10;  ./dobot_control_panel/dobot_control_panel_widget.py:338:5: E303 too many blank lines (2)&#10;  ./dobot_control_panel/dobot_control_panel_widget.py:339:100: E501 line too long (181 &gt; 99 characters)&#10;  ./dobot_control_panel/dobot_control_panel_widget.py:342:5: E303 too many blank lines (2)&#10;  ./dobot_control_panel/dobot_control_panel_widget.py:347:100: E501 line too long (177 &gt; 99 characters)&#10;  ./dobot_control_panel/dobot_control_panel_widget.py:357:54: E231 missing whitespace after ','&#10;  ./dobot_control_panel/dobot_control_panel_widget.py:357:100: E501 line too long (229 &gt; 99 characters)&#10;  ./dobot_control_panel/dobot_control_panel_widget.py:366:100: E501 line too long (143 &gt; 99 characters)&#10;  ./dobot_control_panel/dobot_control_panel_widget.py:366:139: E261 at least two spaces before inline comment&#10;  ./dobot_control_panel/dobot_control_panel_widget.py:366:140: E262 inline comment should start with '# '&#10;  ./dobot_control_panel/dobot_control_panel_widget.py:372:5: E303 too many blank lines (2)&#10;  ./dobot_control_panel/dobot_control_panel_widget.py:379:35: W291 trailing whitespace&#10;  ./dobot_control_panel/dobot_control_panel_widget.py:387:100: E501 line too long (140 &gt; 99 characters)&#10;  ./dobot_control_panel/dobot_control_panel_widget.py:400:1: W293 blank line contains whitespace&#10;  ./dobot_control_panel/dobot_control_panel_widget.py:401:5: E303 too many blank lines (3)&#10;  ./dobot_control_panel/ros2_dobot_control_panel.py:3:1: W293 blank line contains whitespace&#10;  ./dobot_control_panel/ros2_dobot_control_panel.py:4:1: W293 blank line contains whitespace&#10;  ./dobot_control_panel/ros2_dobot_control_panel.py:10:100: E501 line too long (126 &gt; 99 characters)&#10;  ./dobot_control_panel/ros2_dobot_control_panel.py:11:1: W293 blank line contains whitespace&#10;  ./dobot_control_panel/main.py:6:1: E302 expected 2 blank lines, found 1&#10;  ./dobot_control_panel/main.py:8:100: E501 line too long (114 &gt; 99 characters)&#10;  ./dobot_control_panel/main.py:10:1: E305 expected 2 blank lines after class or function definition, found 1&#10;  ./dobot_control_panel/main.py:11:11: W292 no newline at end of file&#10;assert 1 == 0">test/test_flake8.py:23: in test_flake8
    assert rc == 0, \
E   AssertionError: Found 114 code style errors / warnings:
E     ./setup.py:3:1: F401 'os' imported but unused
E     ./setup.py:33:1: W391 blank line at end of file
E     ./dobot_control_panel/dobot_control_panel_widget.py:5:1: F401 'itertools' imported but unused
E     ./dobot_control_panel/dobot_control_panel_widget.py:7:1: F401 'std_msgs.msg.String' imported but unused
E     ./dobot_control_panel/dobot_control_panel_widget.py:12:1: F401 'python_qt_binding.QtCore.Qt' imported but unused
E     ./dobot_control_panel/dobot_control_panel_widget.py:12:1: F401 'python_qt_binding.QtCore.QTimer' imported but unused
E     ./dobot_control_panel/dobot_control_panel_widget.py:12:1: F401 'python_qt_binding.QtCore.qWarning' imported but unused
E     ./dobot_control_panel/dobot_control_panel_widget.py:12:1: F401 'python_qt_binding.QtCore.Slot' imported but unused
E     ./dobot_control_panel/dobot_control_panel_widget.py:13:1: F401 'python_qt_binding.QtGui.QIcon' imported but unused
E     ./dobot_control_panel/dobot_control_panel_widget.py:14:1: F401 'python_qt_binding.QtWidgets.QHeaderView' imported but unused
E     ./dobot_control_panel/dobot_control_panel_widget.py:14:1: F401 'python_qt_binding.QtWidgets.QMenu' imported but unused
E     ./dobot_control_panel/dobot_control_panel_widget.py:14:1: F401 'python_qt_binding.QtWidgets.QTreeWidgetItem' imported but unused
E     ./dobot_control_panel/dobot_control_panel_widget.py:14:1: F401 'python_qt_binding.QtWidgets.QVBoxLayout' imported but unused
E     ./dobot_control_panel/dobot_control_panel_widget.py:14:1: F401 'python_qt_binding.QtWidgets.QSizePolicy' imported but unused
E     ./dobot_control_panel/dobot_control_panel_widget.py:14:100: E501 line too long (110 &gt; 99 characters)
E     ./dobot_control_panel/dobot_control_panel_widget.py:15:1: F401 'rqt_py_common.message_helpers.get_message_class' imported but unused
E     ./dobot_control_panel/dobot_control_panel_widget.py:17:1: F403 'from PyQt5.QtGui import *' used; unable to detect undefined names
E     ./dobot_control_panel/dobot_control_panel_widget.py:17:1: F401 'PyQt5.QtGui.*' imported but unused
E     ./dobot_control_panel/dobot_control_panel_widget.py:18:1: F403 'from PyQt5.QtCore import *' used; unable to detect undefined names
E     ./dobot_control_panel/dobot_control_panel_widget.py:18:1: F401 'PyQt5.QtCore.*' imported but unused
E     ./dobot_control_panel/dobot_control_panel_widget.py:20:1: F401 'rclpy' imported but unused
E     ./dobot_control_panel/dobot_control_panel_widget.py:21:1: F401 'geometry_msgs.msg.PoseStamped' imported but unused
E     ./dobot_control_panel/dobot_control_panel_widget.py:21:42: W291 trailing whitespace
E     ./dobot_control_panel/dobot_control_panel_widget.py:23:1: F401 'tf_transformations' imported but unused
E     ./dobot_control_panel/dobot_control_panel_widget.py:32:1: E303 too many blank lines (4)
E     ./dobot_control_panel/dobot_control_panel_widget.py:38:100: E501 line too long (146 &gt; 99 characters)
E     ./dobot_control_panel/dobot_control_panel_widget.py:41:100: E501 line too long (103 &gt; 99 characters)
E     ./dobot_control_panel/dobot_control_panel_widget.py:44:9: E303 too many blank lines (2)
E     ./dobot_control_panel/dobot_control_panel_widget.py:46:21: E221 multiple spaces before operator
E     ./dobot_control_panel/dobot_control_panel_widget.py:50:100: E501 line too long (119 &gt; 99 characters)
E     ./dobot_control_panel/dobot_control_panel_widget.py:54:9: E303 too many blank lines (2)
E     ./dobot_control_panel/dobot_control_panel_widget.py:66:100: E501 line too long (103 &gt; 99 characters)
E     ./dobot_control_panel/dobot_control_panel_widget.py:72:42: E231 missing whitespace after ','
E     ./dobot_control_panel/dobot_control_panel_widget.py:74:69: E261 at least two spaces before inline comment
E     ./dobot_control_panel/dobot_control_panel_widget.py:74:70: E262 inline comment should start with '# '
E     ./dobot_control_panel/dobot_control_panel_widget.py:85:44: E231 missing whitespace after ':'
E     ./dobot_control_panel/dobot_control_panel_widget.py:87:45: E231 missing whitespace after ':'
E     ./dobot_control_panel/dobot_control_panel_widget.py:89:1: W293 blank line contains whitespace
E     ./dobot_control_panel/dobot_control_panel_widget.py:90:44: E231 missing whitespace after ':'
E     ./dobot_control_panel/dobot_control_panel_widget.py:92:45: E231 missing whitespace after ':'
E     ./dobot_control_panel/dobot_control_panel_widget.py:95:44: E231 missing whitespace after ':'
E     ./dobot_control_panel/dobot_control_panel_widget.py:97:45: E231 missing whitespace after ':'
E     ./dobot_control_panel/dobot_control_panel_widget.py:100:44: E231 missing whitespace after ':'
E     ./dobot_control_panel/dobot_control_panel_widget.py:102:45: E231 missing whitespace after ':'
E     ./dobot_control_panel/dobot_control_panel_widget.py:110:46: E231 missing whitespace after ':'
E     ./dobot_control_panel/dobot_control_panel_widget.py:111:47: E231 missing whitespace after ':'
E     ./dobot_control_panel/dobot_control_panel_widget.py:114:9: E303 too many blank lines (2)
E     ./dobot_control_panel/dobot_control_panel_widget.py:121:57: E231 missing whitespace after ':'
E     ./dobot_control_panel/dobot_control_panel_widget.py:122:57: E231 missing whitespace after ':'
E     ./dobot_control_panel/dobot_control_panel_widget.py:123:57: E231 missing whitespace after ':'
E     ./dobot_control_panel/dobot_control_panel_widget.py:124:57: E231 missing whitespace after ':'
E     ./dobot_control_panel/dobot_control_panel_widget.py:126:52: E231 missing whitespace after ':'
E     ./dobot_control_panel/dobot_control_panel_widget.py:127:52: E231 missing whitespace after ':'
E     ./dobot_control_panel/dobot_control_panel_widget.py:128:52: E231 missing whitespace after ':'
E     ./dobot_control_panel/dobot_control_panel_widget.py:129:52: E231 missing whitespace after ':'
E     ./dobot_control_panel/dobot_control_panel_widget.py:133:59: E231 missing whitespace after ':'
E     ./dobot_control_panel/dobot_control_panel_widget.py:133:100: E501 line too long (104 &gt; 99 characters)
E     ./dobot_control_panel/dobot_control_panel_widget.py:134:59: E231 missing whitespace after ':'
E     ./dobot_control_panel/dobot_control_panel_widget.py:134:100: E501 line too long (104 &gt; 99 characters)
E     ./dobot_control_panel/dobot_control_panel_widget.py:135:59: E231 missing whitespace after ':'
E     ./dobot_control_panel/dobot_control_panel_widget.py:135:100: E501 line too long (104 &gt; 99 characters)
E     ./dobot_control_panel/dobot_control_panel_widget.py:136:59: E231 missing whitespace after ':'
E     ./dobot_control_panel/dobot_control_panel_widget.py:136:100: E501 line too long (104 &gt; 99 characters)
E     ./dobot_control_panel/dobot_control_panel_widget.py:138:54: E231 missing whitespace after ':'
E     ./dobot_control_panel/dobot_control_panel_widget.py:139:54: E231 missing whitespace after ':'
E     ./dobot_control_panel/dobot_control_panel_widget.py:140:54: E231 missing whitespace after ':'
E     ./dobot_control_panel/dobot_control_panel_widget.py:141:54: E231 missing whitespace after ':'
E     ./dobot_control_panel/dobot_control_panel_widget.py:159:9: E303 too many blank lines (4)
E     ./dobot_control_panel/dobot_control_panel_widget.py:160:42: E261 at least two spaces before inline comment
E     ./dobot_control_panel/dobot_control_panel_widget.py:167:5: E303 too many blank lines (4)
E     ./dobot_control_panel/dobot_control_panel_widget.py:174:5: E303 too many blank lines (2)
E     ./dobot_control_panel/dobot_control_panel_widget.py:175:100: E501 line too long (166 &gt; 99 characters)
E     ./dobot_control_panel/dobot_control_panel_widget.py:186:5: E303 too many blank lines (2)
E     ./dobot_control_panel/dobot_control_panel_widget.py:187:1: W293 blank line contains whitespace
E     ./dobot_control_panel/dobot_control_panel_widget.py:189:30: E712 comparison to True should be 'if cond is True:' or 'if cond:'
E     ./dobot_control_panel/dobot_control_panel_widget.py:191:1: W293 blank line contains whitespace
E     ./dobot_control_panel/dobot_control_panel_widget.py:193:30: E712 comparison to True should be 'if cond is True:' or 'if cond:'
E     ./dobot_control_panel/dobot_control_panel_widget.py:202:1: W293 blank line contains whitespace
E     ./dobot_control_panel/dobot_control_panel_widget.py:203:5: E303 too many blank lines (2)
E     ./dobot_control_panel/dobot_control_panel_widget.py:251:43: W291 trailing whitespace
E     ./dobot_control_panel/dobot_control_panel_widget.py:256:100: E501 line too long (154 &gt; 99 characters)
E     ./dobot_control_panel/dobot_control_panel_widget.py:267:35: W291 trailing whitespace
E     ./dobot_control_panel/dobot_control_panel_widget.py:278:100: E501 line too long (140 &gt; 99 characters)
E     ./dobot_control_panel/dobot_control_panel_widget.py:284:5: E303 too many blank lines (2)
E     ./dobot_control_panel/dobot_control_panel_widget.py:285:100: E501 line too long (148 &gt; 99 characters)
E     ./dobot_control_panel/dobot_control_panel_widget.py:291:1: W293 blank line contains whitespace
E     ./dobot_control_panel/dobot_control_panel_widget.py:293:100: E501 line too long (149 &gt; 99 characters)
E     ./dobot_control_panel/dobot_control_panel_widget.py:301:5: E303 too many blank lines (2)
E     ./dobot_control_panel/dobot_control_panel_widget.py:302:100: E501 line too long (122 &gt; 99 characters)
E     ./dobot_control_panel/dobot_control_panel_widget.py:308:100: E501 line too long (123 &gt; 99 characters)
E     ./dobot_control_panel/dobot_control_panel_widget.py:324:5: E303 too many blank lines (2)
E     ./dobot_control_panel/dobot_control_panel_widget.py:335:100: E501 line too long (196 &gt; 99 characters)
E     ./dobot_control_panel/dobot_control_panel_widget.py:338:5: E303 too many blank lines (2)
E     ./dobot_control_panel/dobot_control_panel_widget.py:339:100: E501 line too long (181 &gt; 99 characters)
E     ./dobot_control_panel/dobot_control_panel_widget.py:342:5: E303 too many blank lines (2)
E     ./dobot_control_panel/dobot_control_panel_widget.py:347:100: E501 line too long (177 &gt; 99 characters)
E     ./dobot_control_panel/dobot_control_panel_widget.py:357:54: E231 missing whitespace after ','
E     ./dobot_control_panel/dobot_control_panel_widget.py:357:100: E501 line too long (229 &gt; 99 characters)
E     ./dobot_control_panel/dobot_control_panel_widget.py:366:100: E501 line too long (143 &gt; 99 characters)
E     ./dobot_control_panel/dobot_control_panel_widget.py:366:139: E261 at least two spaces before inline comment
E     ./dobot_control_panel/dobot_control_panel_widget.py:366:140: E262 inline comment should start with '# '
E     ./dobot_control_panel/dobot_control_panel_widget.py:372:5: E303 too many blank lines (2)
E     ./dobot_control_panel/dobot_control_panel_widget.py:379:35: W291 trailing whitespace
E     ./dobot_control_panel/dobot_control_panel_widget.py:387:100: E501 line too long (140 &gt; 99 characters)
E     ./dobot_control_panel/dobot_control_panel_widget.py:400:1: W293 blank line contains whitespace
E     ./dobot_control_panel/dobot_control_panel_widget.py:401:5: E303 too many blank lines (3)
E     ./dobot_control_panel/ros2_dobot_control_panel.py:3:1: W293 blank line contains whitespace
E     ./dobot_control_panel/ros2_dobot_control_panel.py:4:1: W293 blank line contains whitespace
E     ./dobot_control_panel/ros2_dobot_control_panel.py:10:100: E501 line too long (126 &gt; 99 characters)
E     ./dobot_control_panel/ros2_dobot_control_panel.py:11:1: W293 blank line contains whitespace
E     ./dobot_control_panel/main.py:6:1: E302 expected 2 blank lines, found 1
E     ./dobot_control_panel/main.py:8:100: E501 line too long (114 &gt; 99 characters)
E     ./dobot_control_panel/main.py:10:1: E305 expected 2 blank lines after class or function definition, found 1
E     ./dobot_control_panel/main.py:11:11: W292 no newline at end of file
E   assert 1 == 0</failure></testcase><testcase classname="dobot_control_panel.test.test_pep257" name="test_pep257" time="0.175" /></testsuite></testsuites>