Start testing: Jul 03 13:56 +07
----------------------------------------------------------
1/5 Testing: copyright
1/5 Test: copyright
Command: "/usr/bin/python3" "-u" "/opt/ros/humble/share/ament_cmake_test/cmake/run_test.py" "/home/jetson/dobot-magician/build/dobot_driver/test_results/dobot_driver/copyright.xunit.xml" "--package-name" "dobot_driver" "--output-file" "/home/jetson/dobot-magician/build/dobot_driver/ament_copyright/copyright.txt" "--command" "/opt/ros/humble/bin/ament_copyright" "--xunit-file" "/home/jetson/dobot-magician/build/dobot_driver/test_results/dobot_driver/copyright.xunit.xml"
Directory: /home/jetson/dobot-magician/src/magician_ros2/dobot_driver
"copyright" start time: Jul 03 13:56 +07
Output:
----------------------------------------------------------
-- run_test.py: invoking following command in '/home/jetson/dobot-magician/src/magician_ros2/dobot_driver':
 - /opt/ros/humble/bin/ament_copyright --xunit-file /home/jetson/dobot-magician/build/dobot_driver/test_results/dobot_driver/copyright.xunit.xml
dobot_driver/dobot_handle.py: could not find copyright notice
dobot_driver/interface.py: could not find copyright notice
dobot_driver/message.py: could not find copyright notice
dobot_driver/parsers.py: could not find copyright notice
4 errors, checked 5 files
-- run_test.py: return code 1
-- run_test.py: verify result file '/home/jetson/dobot-magician/build/dobot_driver/test_results/dobot_driver/copyright.xunit.xml'
<end of output>
Test time =   0.85 sec
----------------------------------------------------------
Test Failed.
"copyright" end time: Jul 03 13:56 +07
"copyright" time elapsed: 00:00:00
----------------------------------------------------------

2/5 Testing: flake8
2/5 Test: flake8
Command: "/usr/bin/python3" "-u" "/opt/ros/humble/share/ament_cmake_test/cmake/run_test.py" "/home/jetson/dobot-magician/build/dobot_driver/test_results/dobot_driver/flake8.xunit.xml" "--package-name" "dobot_driver" "--output-file" "/home/jetson/dobot-magician/build/dobot_driver/ament_flake8/flake8.txt" "--command" "/opt/ros/humble/bin/ament_flake8" "--xunit-file" "/home/jetson/dobot-magician/build/dobot_driver/test_results/dobot_driver/flake8.xunit.xml"
Directory: /home/jetson/dobot-magician/src/magician_ros2/dobot_driver
"flake8" start time: Jul 03 13:56 +07
Output:
----------------------------------------------------------
-- run_test.py: invoking following command in '/home/jetson/dobot-magician/src/magician_ros2/dobot_driver':
 - /opt/ros/humble/bin/ament_flake8 --xunit-file /home/jetson/dobot-magician/build/dobot_driver/test_results/dobot_driver/flake8.xunit.xml
class Interface:
^
        except:
        ^
    def send(self, message):
    ^
        else: 
             ^
        request = Message([0xAA, 0xAA], 2, 11, True, False, [manual, rear_arm_angle, front_arm_angle], direction='out')
                                                                                                   ^
        request = Message([0xAA, 0xAA], 2, 20, True, False, [], direction='out') #BUG
                                                                                ^
        request = Message([0xAA, 0xAA], 2, 20, True, False, [], direction='out') #BUG
                                                                                 ^
    def set_homing_parameters(self, x, y, z, r, queue=False): # changed from True
                                                             ^
    def set_homing_command(self, command, queue=False): # changed from True
                                                       ^
        request = Message([0xAA, 0xAA], 2, 60, True, False, [bias_x, bias_y, bias_z], direction='out')
                                                                                                   ^
        request = Message([0xAA, 0xAA], 2, 61, True, queue, [enable_control, enable_laser], direction='out')
                                                                                                   ^
        request = Message([0xAA, 0xAA], 2, 62, True, queue, [enable_control, enable_suction], direction='out')
                                                                                                   ^
        request = Message([0xAA, 0xAA], 2, 63, True, queue, [enable_control, enable_grip], direction='out')
                                                                                                   ^
        request = Message([0xAA, 0xAA], 2, 70, True, queue, velocity + acceleration, direction='out')
                                                                                                   ^
        request = Message([0xAA, 0xAA], 2, 71, True, queue, velocity + acceleration, direction='out')
                                                                                                   ^
        request = Message([0xAA, 0xAA], 2, 72, True, queue, [velocity_ratio, acceleration_ratio], direction='out')
                                                                                                   ^
        request = Message([0xAA, 0xAA], 2, 74, True, queue, [velocity, acceleration], direction='out')
                                                                                                   ^
        request = Message([0xAA, 0xAA], 2, 80, True, queue, velocity + acceleration, direction='out')
                                                                                                   ^
    def set_point_to_point_coordinate_params(self, coordinate_velocity, effector_velocity, coordinate_acceleration, effector_acceleration, queue=False):
                                                                                                   ^
        request = Message([0xAA, 0xAA], 2, 81, True, queue, [coordinate_velocity, effector_velocity, coordinate_acceleration, effector_acceleration], direction='out')
                                                                                                   ^
        request = Message([0xAA, 0xAA], 2, 82, True, queue, [jump_height, z_limit], direction='out')
                                                                                                   ^
        request = Message([0xAA, 0xAA], 2, 83, True, queue, [velocity_ratio, acceleration_ratio], direction='out')
                                                                                                   ^
    def set_point_to_point_command(self, mode, x, y, z, r, queue=False): #changed from True
                                                                        ^
    def set_point_to_point_command(self, mode, x, y, z, r, queue=False): #changed from True
                                                                         ^
        request = Message([0xAA, 0xAA], 2, 85, True, queue, [velocity, acceleration], direction='out')
                                                                                                   ^
    def set_point_to_point_sliding_rail_command(self, mode, x, y, z, r, l, queue=False):
                                                                        ^
        request = Message([0xAA, 0xAA], 2, 87, True, queue, [start_height, end_height, z_limit], direction='out')
                                                                                                   ^
        request = Message([0xAA, 0xAA], 2, 89, True, queue, [ratio, address, level], direction='out')
                                                                                                   ^
    def set_continous_trajectory_params(self, max_planned_acceleration, max_junction_velocity, acceleration, queue=False):
                                                                                                   ^
        request = Message([0xAA, 0xAA], 2, 90, True, queue, [max_planned_acceleration, max_junction_velocity, acceleration, 0], direction='out')
                                                                                                   ^
    def set_continous_trajectory_real_time_params(self, max_planned_acceleration, max_junction_velocity, period, queue=True):
                                                                                                   ^
        request = Message([0xAA, 0xAA], 2, 90, True, queue, [max_planned_acceleration, max_junction_velocity, period, 1], direction='out')
                                                                                                   ^
        request = Message([0xAA, 0xAA], 2, 91, True, queue, [mode, x, y, z, velocity], direction='out')
                                                                                                   ^
        request = Message([0xAA, 0xAA], 2, 92, True, queue, [mode, x, y, z, power], direction='out')
                                                                                                   ^
    def set_arc_params(self, coordinate_velocity, effector_velocity, coordinate_acceleration, effector_acceleration, queue=True):
                                                                                                   ^
        request = Message([0xAA, 0xAA], 2, 100, True, queue, [coordinate_velocity, effector_velocity, coordinate_acceleration, effector_acceleration], direction='out')
                                                                                                   ^
        request = Message([0xAA, 0xAA], 2, 101, True, queue, circumference_point + ending_point, direction='out')
                                                                                                   ^
        request = Message([0xAA, 0xAA], 2, 120, True, queue, [address, mode, condition, threshold], direction='out')
                                                                                                   ^
        request = Message([0xAA, 0xAA], 2, 132, True, queue, [address, frequency, duty_cycle], direction='out')
                                                                                                   ^
        request = Message([0xAA, 0xAA], 2, 135, True, queue, [index, enable, speed], direction='out')
                                                                                                   ^
        request = Message([0xAA, 0xAA], 2, 137, True, queue, [enable, port, version], direction='out')
                                                                                                   ^
        request = Message([0xAA, 0xAA], 2, 138, True, queue, [enable, port, version], direction='out')
                                                                                                   ^
        request = Message([0xAA, 0xAA], 2, 140, True, False, [rear_arm_angle_error, front_arm_angle_error], direction='out')
                                                                                                   ^
        request = Message([0xAA, 0xAA], 2, 153, True, False, [use_dhcp, a, b, c, d], direction='out')
                                                                                                   ^
        request = Message([0xAA, 0xAA], 2, 155, True, False, [use_dhcp, a, b, c, d], direction='out')
                                                                                                   ^
        request = Message([0xAA, 0xAA], 2, 156, True, False, [use_dhcp, a, b, c, d], direction='out')
                                                                                                   ^
        request = Message([0xAA, 0xAA], 2, 243, True, False, [total_loop, line_per_loop], direction='out')
                                                                                                   ^
    print(request.package())                            ^
bot = Interface('/dev/ttyUSB0')                               ^
    3: [lambda x: struct.unpack('<B', bytearray(x))[0], None, None, lambda x: list(struct.pack('<BB', *x))],
                                                                                                   ^
    20: [lambda x: struct.unpack('<' + 'B' * 16, bytearray(x)), None, None, None], #BUG
                                                                                  ^
    20: [lambda x: struct.unpack('<' + 'B' * 16, bytearray(x)), None, None, None], #BUG
                                                                                   ^
    30: [lambda x: struct.unpack('<' + 'f' * 4, bytearray(x)), None, lambda x: struct.unpack('<Q', bytearray(x))[0], lambda x: list(struct.pack('<' + 'f' * 4, *x))],
                                                                                                   ^
    31: [None, None, lambda x: struct.unpack('<Q', bytearray(x))[0], lambda x: list(struct.pack('<f', *x))],
                                                                                                   ^
    32: [lambda x: struct.unpack('<Bf', bytearray(x)), None, lambda x: struct.unpack('<Q', bytearray(x))[0], lambda x: list(struct.pack('<Bf', *x))],
                                                                                                   ^
    60: [None, None, None, lambda x: list(struct.pack('<' + 'f' * 3, *x))], #BUG in original lib version was 4 instead of 3 !
                                                                           ^
    60: [None, None, None, lambda x: list(struct.pack('<' + 'f' * 3, *x))], #BUG in original lib version was 4 instead of 3 !
                                                                            ^
    60: [None, None, None, lambda x: list(struct.pack('<' + 'f' * 3, *x))], #BUG in original lib version was 4 instead of 3 !
                                                                                                   ^
    61: [lambda x: (x[0] == 1, x[1] == 2), None, lambda x: struct.unpack('<Q', bytearray(x))[0], lambda x: list(struct.pack('<BB', *x))],
                                                                                                   ^
    62: [lambda x: (x[0] == 1, x[1] == 2), None, lambda x: struct.unpack('<Q', bytearray(x))[0], lambda x: list(struct.pack('<BB', *x))],
                                                                                                   ^
    63: [lambda x: (x[0] == 1, x[1] == 2), None, lambda x: struct.unpack('<Q', bytearray(x))[0], lambda x: list(struct.pack('<BB', *x))],
                                                                                                   ^
    70: [lambda x: struct.unpack('<' + 'f' * 8, bytearray(x)), None, None, lambda x: list(struct.pack('<' + 'f' * 8, *x))],
                                                                                                   ^
    71: [lambda x: struct.unpack('<' + 'f' * 8, bytearray(x)), None, lambda x: struct.unpack('<Q', bytearray(x))[0], lambda x: list(struct.pack('<' + 'f' * 8, *x))],
                                                                                                   ^
    72: [lambda x: struct.unpack('<' + 'f' * 2, bytearray(x)), None, lambda x: struct.unpack('<Q', bytearray(x))[0], lambda x: list(struct.pack('<' + 'f' * 2, *x))],
                                                                                                   ^
    73: [None, None, lambda x: struct.unpack('<Q', bytearray(x))[0], lambda x: list(struct.pack('<' + 'B' * 2, *x))],
                                                                                                   ^
    74: [lambda x: struct.unpack('<' + 'f' * 2, bytearray(x)), None, lambda x: struct.unpack('<Q', bytearray(x))[0], lambda x: list(struct.pack('<' + 'f' * 2, *x))],
                                                                                                   ^
    80: [None, None, lambda x: struct.unpack('<Q', bytearray(x))[0], lambda x: list(struct.pack('<' + 'f' * 8, *x))],
                                                                                                   ^
    81: [None, None, lambda x: struct.unpack('<Q', bytearray(x))[0], lambda x: list(struct.pack('<' + 'f' * 4, *x))],
                                                                                                   ^
    82: [lambda x: struct.unpack('<' + 'f' * 2, bytearray(x)), None, lambda x: struct.unpack('<Q', bytearray(x))[0], lambda x: list(struct.pack('<' + 'f' * 2, *x))],
                                                                                                   ^
    83: [None, None, lambda x: struct.unpack('<Q', bytearray(x))[0], lambda x: list(struct.pack('<' + 'f' * 2, *x))],
                                                                                                   ^
    84: [None, None, lambda x: struct.unpack('<Q', bytearray(x))[0], lambda x: list(struct.pack('<Bffff', *x))],
                                                                                                   ^
    85: [lambda x: struct.unpack('<' + 'f' * 2, bytearray(x)), None, lambda x: struct.unpack('<Q', bytearray(x))[0], lambda x: list(struct.pack('<' + 'f' * 2, *x))],
                                                                                                   ^
    86: [None, None, lambda x: struct.unpack('<Q', bytearray(x))[0], lambda x: list(struct.pack('<Bfffff', *x))],
                                                                                                   ^
    87: [lambda x: struct.unpack('<' + 'f' * 3, bytearray(x)), None, lambda x: struct.unpack('<Q', bytearray(x))[0], lambda x: list(struct.pack('<' + 'f' * 3, *x))],
                                                                                                   ^
    88: [None, None, lambda x: struct.unpack('<Q', bytearray(x))[0], lambda x: list(struct.pack('<Bffff', *x))],
                                                                                                   ^
    89: [None, None, lambda x: struct.unpack('<Q', bytearray(x))[0], lambda x: list(struct.pack('<Bfffff', *x))],
                                                                                                   ^
    90: [lambda x: struct.unpack('<fffB', bytearray(x)), None, lambda x: struct.unpack('<Q', bytearray(x))[0], lambda x: list(struct.pack('<fffB', *x))],
                                                                                                   ^
    91: [None, None, lambda x: struct.unpack('<Q', bytearray(x))[0], lambda x: list(struct.pack('<Bffff', *x))],
                                                                                                   ^
    92: [None, None, lambda x: struct.unpack('<Q', bytearray(x))[0], lambda x: list(struct.pack('<Bffff', *x))],
                                                                                                   ^
    100: [lambda x: struct.unpack('<' + 'f' * 4, bytearray(x)), None, lambda x: struct.unpack('<Q', bytearray(x))[0], lambda x: list(struct.pack('<' + 'f' * 4, *x))],
                                                                                                   ^
    101: [None, None, lambda x: struct.unpack('<Q', bytearray(x))[0], lambda x: list(struct.pack('<' + 'f' * 8, *x))],
                                                                                                   ^
    110: [None, None, lambda x: struct.unpack('<Q', bytearray(x))[0], lambda x: list(struct.pack('<L', *x))],
                                                                                                   ^
    120: [None, None, lambda x: struct.unpack('<Q', bytearray(x))[0], lambda x: list(struct.pack('<BBBH', *x))],
                                                                                                   ^
    130: [lambda x: struct.unpack('<B' * 2, bytearray(x)), None, lambda x: struct.unpack('<Q', bytearray(x))[0], lambda x: list(struct.pack('<' + 'B' * 2, *x))],
                                                                                                   ^
    131: [lambda x: struct.unpack('<B' * 2, bytearray(x)), None, lambda x: struct.unpack('<Q', bytearray(x))[0], lambda x: list(struct.pack('<' + 'B' * 2, *x))],
                                                                                                   ^
    132: [lambda x: struct.unpack('<Bff', bytearray(x)), None, lambda x: struct.unpack('<Q', bytearray(x))[0], lambda x: list(struct.pack('<Bff', *x))],
                                                                                                   ^
    135: [None, None, lambda x: struct.unpack('<Q', bytearray(x))[0], lambda x: list(struct.pack('<BBf', *x))],
                                                                                                   ^
    137: [lambda x: struct.unpack('<B' * 3, bytearray(x)), None, lambda x: struct.unpack('<Q', bytearray(x))[0], lambda x: list(struct.pack('<' + 'B' * 3, *x))],
                                                                                                   ^
    138: [lambda x: struct.unpack('<B', bytearray(x)), None, lambda x: struct.unpack('<Q', bytearray(x))[0], lambda x: list(struct.pack('<' + 'B' * 3, *x))],
                                                                                                   ^
    140: [lambda x: struct.unpack('<' + 'f' * 2, bytearray(x)), None, None, lambda x: list(struct.pack('<' + 'f' * 2, *x))],
                                                                                                   ^
    151: [lambda x: ''.join(map(chr, x)), None, None, lambda x: list(x[0].encode('ascii')) + [0x00]],
                                                                                                   ^
    152: [lambda x: ''.join(map(chr, x)), None, None, lambda x: list(x[0].encode('ascii')) + [0x00]],
                                                                                                   ^
    153: [lambda x: struct.unpack('<B' * 5, bytearray(x)), None, None, lambda x: list(struct.pack('<B' * 5, *x))],
                                                                                                   ^
    154: [lambda x: struct.unpack('<B' * 4, bytearray(x)), None, None, lambda x: list(struct.pack('<B' * 4, *x))],
                                                                                                   ^
    155: [lambda x: struct.unpack('<B' * 4, bytearray(x)), None, None, lambda x: list(struct.pack('<B' * 4, *x))],
                                                                                                   ^
    156: [lambda x: struct.unpack('<B' * 4, bytearray(x)), None, None, lambda x: list(struct.pack('<B' * 4, *x))],
                                                                                                   ^
import sys
^
class Message:
^
        if id==10 or id==20 or id==13:
             ^
        if id==10 or id==20 or id==13:
                       ^
        if id==10 or id==20 or id==13:
                                 ^
        result = bytes(self.header + [self.length] + [self.id] + [control] + self.raw_params + [self.checksum])
                                                                                                   ^
3     E225 missing whitespace around operator
6     E261 at least two spaces before inline comment
4     E262 inline comment should start with '# '
2     E302 expected 2 blank lines, found 1
1     E303 too many blank lines (2)
80    E501 line too long (119 > 99 characters)
1     E722 do not use bare 'except'
1     E741 ambiguous variable name 'l'
1     F401 'sys' imported but unused
1     W291 trailing whitespace
2     W292 no newline at end of file

./dobot_driver/interface.py:7:1: E302 expected 2 blank lines, found 1

./dobot_driver/interface.py:20:9: E722 do not use bare 'except'

./dobot_driver/interface.py:25:5: E303 too many blank lines (2)

./dobot_driver/interface.py:35:14: W291 trailing whitespace

./dobot_driver/interface.py:87:100: E501 line too long (119 > 99 characters)

./dobot_driver/interface.py:99:81: E261 at least two spaces before inline comment

./dobot_driver/interface.py:99:82: E262 inline comment should start with '# '

./dobot_driver/interface.py:106:62: E261 at least two spaces before inline comment

./dobot_driver/interface.py:110:56: E261 at least two spaces before inline comment

./dobot_driver/interface.py:148:100: E501 line too long (102 > 99 characters)

./dobot_driver/interface.py:156:100: E501 line too long (108 > 99 characters)

./dobot_driver/interface.py:164:100: E501 line too long (110 > 99 characters)

./dobot_driver/interface.py:172:100: E501 line too long (107 > 99 characters)

./dobot_driver/interface.py:180:100: E501 line too long (101 > 99 characters)

./dobot_driver/interface.py:188:100: E501 line too long (101 > 99 characters)

./dobot_driver/interface.py:196:100: E501 line too long (114 > 99 characters)

./dobot_driver/interface.py:208:100: E501 line too long (102 > 99 characters)

./dobot_driver/interface.py:216:100: E501 line too long (101 > 99 characters)

./dobot_driver/interface.py:223:100: E501 line too long (152 > 99 characters)

./dobot_driver/interface.py:224:100: E501 line too long (166 > 99 characters)

./dobot_driver/interface.py:232:100: E501 line too long (100 > 99 characters)

./dobot_driver/interface.py:240:100: E501 line too long (114 > 99 characters)

./dobot_driver/interface.py:243:73: E261 at least two spaces before inline comment

./dobot_driver/interface.py:243:74: E262 inline comment should start with '# '

./dobot_driver/interface.py:252:100: E501 line too long (102 > 99 characters)

./dobot_driver/interface.py:255:73: E741 ambiguous variable name 'l'

./dobot_driver/interface.py:264:100: E501 line too long (113 > 99 characters)

./dobot_driver/interface.py:274:100: E501 line too long (101 > 99 characters)

./dobot_driver/interface.py:281:100: E501 line too long (122 > 99 characters)

./dobot_driver/interface.py:282:100: E501 line too long (144 > 99 characters)

./dobot_driver/interface.py:285:100: E501 line too long (125 > 99 characters)

./dobot_driver/interface.py:286:100: E501 line too long (138 > 99 characters)

./dobot_driver/interface.py:290:100: E501 line too long (103 > 99 characters)

./dobot_driver/interface.py:294:100: E501 line too long (100 > 99 characters)

./dobot_driver/interface.py:301:100: E501 line too long (129 > 99 characters)

./dobot_driver/interface.py:302:100: E501 line too long (167 > 99 characters)

./dobot_driver/interface.py:306:100: E501 line too long (113 > 99 characters)

./dobot_driver/interface.py:314:100: E501 line too long (116 > 99 characters)

./dobot_driver/interface.py:338:100: E501 line too long (111 > 99 characters)

./dobot_driver/interface.py:350:100: E501 line too long (101 > 99 characters)

./dobot_driver/interface.py:358:100: E501 line too long (102 > 99 characters)

./dobot_driver/interface.py:366:100: E501 line too long (102 > 99 characters)

./dobot_driver/interface.py:374:100: E501 line too long (124 > 99 characters)

./dobot_driver/interface.py:407:100: E501 line too long (101 > 99 characters)

./dobot_driver/interface.py:425:100: E501 line too long (101 > 99 characters)

./dobot_driver/interface.py:434:100: E501 line too long (101 > 99 characters)

./dobot_driver/interface.py:458:100: E501 line too long (106 > 99 characters)

./dobot_driver/interface.py:482:29: W292 no newline at end of file

./dobot_driver/dobot_handle.py:2:32: W292 no newline at end of file

./dobot_driver/parsers.py:24:100: E501 line too long (108 > 99 characters)

./dobot_driver/parsers.py:32:83: E261 at least two spaces before inline comment

./dobot_driver/parsers.py:32:84: E262 inline comment should start with '# '

./dobot_driver/parsers.py:35:100: E501 line too long (165 > 99 characters)

./dobot_driver/parsers.py:36:100: E501 line too long (108 > 99 characters)

./dobot_driver/parsers.py:37:100: E501 line too long (149 > 99 characters)

./dobot_driver/parsers.py:43:76: E261 at least two spaces before inline comment

./dobot_driver/parsers.py:43:77: E262 inline comment should start with '# '

./dobot_driver/parsers.py:43:100: E501 line too long (125 > 99 characters)

./dobot_driver/parsers.py:44:100: E501 line too long (137 > 99 characters)

./dobot_driver/parsers.py:45:100: E501 line too long (137 > 99 characters)

./dobot_driver/parsers.py:46:100: E501 line too long (137 > 99 characters)

./dobot_driver/parsers.py:48:100: E501 line too long (123 > 99 characters)

./dobot_driver/parsers.py:49:100: E501 line too long (165 > 99 characters)

./dobot_driver/parsers.py:50:100: E501 line too long (165 > 99 characters)

./dobot_driver/parsers.py:51:100: E501 line too long (117 > 99 characters)

./dobot_driver/parsers.py:52:100: E501 line too long (165 > 99 characters)

./dobot_driver/parsers.py:54:100: E501 line too long (117 > 99 characters)

./dobot_driver/parsers.py:55:100: E501 line too long (117 > 99 characters)

./dobot_driver/parsers.py:56:100: E501 line too long (165 > 99 characters)

./dobot_driver/parsers.py:57:100: E501 line too long (117 > 99 characters)

./dobot_driver/parsers.py:58:100: E501 line too long (112 > 99 characters)

./dobot_driver/parsers.py:59:100: E501 line too long (165 > 99 characters)

./dobot_driver/parsers.py:60:100: E501 line too long (113 > 99 characters)

./dobot_driver/parsers.py:61:100: E501 line too long (165 > 99 characters)

./dobot_driver/parsers.py:62:100: E501 line too long (112 > 99 characters)

./dobot_driver/parsers.py:63:100: E501 line too long (113 > 99 characters)

./dobot_driver/parsers.py:65:100: E501 line too long (153 > 99 characters)

./dobot_driver/parsers.py:66:100: E501 line too long (112 > 99 characters)

./dobot_driver/parsers.py:67:100: E501 line too long (112 > 99 characters)

./dobot_driver/parsers.py:69:100: E501 line too long (166 > 99 characters)

./dobot_driver/parsers.py:70:100: E501 line too long (118 > 99 characters)

./dobot_driver/parsers.py:72:100: E501 line too long (109 > 99 characters)

./dobot_driver/parsers.py:74:100: E501 line too long (112 > 99 characters)

./dobot_driver/parsers.py:76:100: E501 line too long (161 > 99 characters)

./dobot_driver/parsers.py:77:100: E501 line too long (161 > 99 characters)

./dobot_driver/parsers.py:78:100: E501 line too long (152 > 99 characters)

./dobot_driver/parsers.py:81:100: E501 line too long (111 > 99 characters)

./dobot_driver/parsers.py:82:100: E501 line too long (161 > 99 characters)

./dobot_driver/parsers.py:83:100: E501 line too long (157 > 99 characters)

./dobot_driver/parsers.py:85:100: E501 line too long (124 > 99 characters)

./dobot_driver/parsers.py:88:100: E501 line too long (101 > 99 characters)

./dobot_driver/parsers.py:89:100: E501 line too long (101 > 99 characters)

./dobot_driver/parsers.py:90:100: E501 line too long (114 > 99 characters)

./dobot_driver/parsers.py:91:100: E501 line too long (114 > 99 characters)

./dobot_driver/parsers.py:92:100: E501 line too long (114 > 99 characters)

./dobot_driver/parsers.py:93:100: E501 line too long (114 > 99 characters)

./dobot_driver/message.py:1:1: F401 'sys' imported but unused

./dobot_driver/message.py:4:1: E302 expected 2 blank lines, found 1

./dobot_driver/message.py:47:14: E225 missing whitespace around operator

./dobot_driver/message.py:47:24: E225 missing whitespace around operator

./dobot_driver/message.py:47:34: E225 missing whitespace around operator

./dobot_driver/message.py:105:100: E501 line too long (111 > 99 characters)


5 files checked
102 errors

'E'-type errors: 98
'F'-type errors: 1
'W'-type errors: 3

Checked files:

* ./dobot_driver/interface.py
* ./dobot_driver/dobot_handle.py
* ./dobot_driver/parsers.py
* ./dobot_driver/message.py
* ./dobot_driver/__init__.py
-- run_test.py: return code 1
-- run_test.py: verify result file '/home/jetson/dobot-magician/build/dobot_driver/test_results/dobot_driver/flake8.xunit.xml'
<end of output>
Test time =   1.54 sec
----------------------------------------------------------
Test Failed.
"flake8" end time: Jul 03 13:56 +07
"flake8" time elapsed: 00:00:01
----------------------------------------------------------

3/5 Testing: lint_cmake
3/5 Test: lint_cmake
Command: "/usr/bin/python3" "-u" "/opt/ros/humble/share/ament_cmake_test/cmake/run_test.py" "/home/jetson/dobot-magician/build/dobot_driver/test_results/dobot_driver/lint_cmake.xunit.xml" "--package-name" "dobot_driver" "--output-file" "/home/jetson/dobot-magician/build/dobot_driver/ament_lint_cmake/lint_cmake.txt" "--command" "/opt/ros/humble/bin/ament_lint_cmake" "--xunit-file" "/home/jetson/dobot-magician/build/dobot_driver/test_results/dobot_driver/lint_cmake.xunit.xml"
Directory: /home/jetson/dobot-magician/src/magician_ros2/dobot_driver
"lint_cmake" start time: Jul 03 13:56 +07
Output:
----------------------------------------------------------
-- run_test.py: invoking following command in '/home/jetson/dobot-magician/src/magician_ros2/dobot_driver':
 - /opt/ros/humble/bin/ament_lint_cmake --xunit-file /home/jetson/dobot-magician/build/dobot_driver/test_results/dobot_driver/lint_cmake.xunit.xml

No problems found
-- run_test.py: return code 0
-- run_test.py: verify result file '/home/jetson/dobot-magician/build/dobot_driver/test_results/dobot_driver/lint_cmake.xunit.xml'
<end of output>
Test time =   0.46 sec
----------------------------------------------------------
Test Passed.
"lint_cmake" end time: Jul 03 13:56 +07
"lint_cmake" time elapsed: 00:00:00
----------------------------------------------------------

4/5 Testing: pep257
4/5 Test: pep257
Command: "/usr/bin/python3" "-u" "/opt/ros/humble/share/ament_cmake_test/cmake/run_test.py" "/home/jetson/dobot-magician/build/dobot_driver/test_results/dobot_driver/pep257.xunit.xml" "--package-name" "dobot_driver" "--output-file" "/home/jetson/dobot-magician/build/dobot_driver/ament_pep257/pep257.txt" "--command" "/opt/ros/humble/bin/ament_pep257" "--xunit-file" "/home/jetson/dobot-magician/build/dobot_driver/test_results/dobot_driver/pep257.xunit.xml"
Directory: /home/jetson/dobot-magician/src/magician_ros2/dobot_driver
"pep257" start time: Jul 03 13:56 +07
Output:
----------------------------------------------------------
-- run_test.py: invoking following command in '/home/jetson/dobot-magician/src/magician_ros2/dobot_driver':
 - /opt/ros/humble/bin/ament_pep257 --xunit-file /home/jetson/dobot-magician/build/dobot_driver/test_results/dobot_driver/pep257.xunit.xml
checking ./dobot_driver/__init__.py
checking ./dobot_driver/dobot_handle.py
checking ./dobot_driver/interface.py
checking ./dobot_driver/message.py
checking ./dobot_driver/parsers.py
No problems found
-- run_test.py: return code 0
-- run_test.py: verify result file '/home/jetson/dobot-magician/build/dobot_driver/test_results/dobot_driver/pep257.xunit.xml'
<end of output>
Test time =   0.68 sec
----------------------------------------------------------
Test Passed.
"pep257" end time: Jul 03 13:56 +07
"pep257" time elapsed: 00:00:00
----------------------------------------------------------

5/5 Testing: xmllint
5/5 Test: xmllint
Command: "/usr/bin/python3" "-u" "/opt/ros/humble/share/ament_cmake_test/cmake/run_test.py" "/home/jetson/dobot-magician/build/dobot_driver/test_results/dobot_driver/xmllint.xunit.xml" "--package-name" "dobot_driver" "--output-file" "/home/jetson/dobot-magician/build/dobot_driver/ament_xmllint/xmllint.txt" "--command" "/opt/ros/humble/bin/ament_xmllint" "--xunit-file" "/home/jetson/dobot-magician/build/dobot_driver/test_results/dobot_driver/xmllint.xunit.xml"
Directory: /home/jetson/dobot-magician/src/magician_ros2/dobot_driver
"xmllint" start time: Jul 03 13:56 +07
Output:
----------------------------------------------------------
-- run_test.py: invoking following command in '/home/jetson/dobot-magician/src/magician_ros2/dobot_driver':
 - /opt/ros/humble/bin/ament_xmllint --xunit-file /home/jetson/dobot-magician/build/dobot_driver/test_results/dobot_driver/xmllint.xunit.xml
File 'package.xml' is invalid:
warning: failed to load external entity "http://download.ros.org/schema/package_format3.xsd"
Schemas parser error : Failed to locate the main schema resource at 'http://download.ros.org/schema/package_format3.xsd'.
WXS schema http://download.ros.org/schema/package_format3.xsd failed to compile

1 files are invalid
-- run_test.py: return code 1
-- run_test.py: verify result file '/home/jetson/dobot-magician/build/dobot_driver/test_results/dobot_driver/xmllint.xunit.xml'
<end of output>
Test time =   0.48 sec
----------------------------------------------------------
Test Failed.
"xmllint" end time: Jul 03 13:56 +07
"xmllint" time elapsed: 00:00:00
----------------------------------------------------------

End testing: Jul 03 13:56 +07

copyright =   0.85 sec*proc

flake8 =   1.54 sec*proc

lint_cmake =   0.46 sec*proc

linter =   4.01 sec*proc

pep257 =   0.68 sec*proc

xmllint =   0.48 sec*proc

