<?xml version="1.0" encoding="utf-8"?><testsuites><testsuite name="pytest" errors="0" failures="2" skipped="0" tests="3" time="1.429" timestamp="2026-07-03T13:57:02.094416" hostname="jetson-orin"><testcase classname="dobot_homing.test.test_copyright" name="test_copyright" time="0.682"><failure message="AssertionError: Found errors&#10;assert 1 == 0">test/test_copyright.py:23: in test_copyright
    assert rc == 0, 'Found errors'
E   AssertionError: Found errors
E   assert 1 == 0</failure></testcase><testcase classname="dobot_homing.test.test_flake8" name="test_flake8" time="0.361"><failure message="AssertionError: Found 18 code style errors / warnings:&#10;  ./launch/dobot_homing.launch.py:7:1: E302 expected 2 blank lines, found 1&#10;  ./launch/dobot_homing.launch.py:21:5: E122 continuation line missing indentation or outdented&#10;  ./launch/dobot_homing.launch.py:23:32: E203 whitespace before ','&#10;  ./launch/dobot_homing.launch.py:26:5: E122 continuation line missing indentation or outdented&#10;  ./launch/dobot_homing.launch.py:28:1: W391 blank line at end of file&#10;  ./dobot_homing/homing_server.py:11:1: E303 too many blank lines (3)&#10;  ./dobot_homing/homing_server.py:15:100: E501 line too long (108 &gt; 99 characters)&#10;  ./dobot_homing/homing_server.py:16:100: E501 line too long (143 &gt; 99 characters)&#10;  ./dobot_homing/homing_server.py:17:100: E501 line too long (263 &gt; 99 characters)&#10;  ./dobot_homing/homing_server.py:17:188: E251 unexpected spaces around keyword / parameter equals&#10;  ./dobot_homing/homing_server.py:17:190: E251 unexpected spaces around keyword / parameter equals&#10;  ./dobot_homing/homing_server.py:18:100: E501 line too long (111 &gt; 99 characters)&#10;  ./dobot_homing/homing_server.py:23:5: E303 too many blank lines (2)&#10;  ./dobot_homing/homing_server.py:27:100: E501 line too long (105 &gt; 99 characters)&#10;  ./dobot_homing/homing_server.py:34:5: E303 too many blank lines (3)&#10;  ./dobot_homing/homing_server.py:36:34: W291 trailing whitespace&#10;  ./dobot_homing/homing_server.py:46:1: E303 too many blank lines (4)&#10;  ./dobot_homing/homing_server.py:57:11: W292 no newline at end of file&#10;assert 1 == 0">test/test_flake8.py:23: in test_flake8
    assert rc == 0, \
E   AssertionError: Found 18 code style errors / warnings:
E     ./launch/dobot_homing.launch.py:7:1: E302 expected 2 blank lines, found 1
E     ./launch/dobot_homing.launch.py:21:5: E122 continuation line missing indentation or outdented
E     ./launch/dobot_homing.launch.py:23:32: E203 whitespace before ','
E     ./launch/dobot_homing.launch.py:26:5: E122 continuation line missing indentation or outdented
E     ./launch/dobot_homing.launch.py:28:1: W391 blank line at end of file
E     ./dobot_homing/homing_server.py:11:1: E303 too many blank lines (3)
E     ./dobot_homing/homing_server.py:15:100: E501 line too long (108 &gt; 99 characters)
E     ./dobot_homing/homing_server.py:16:100: E501 line too long (143 &gt; 99 characters)
E     ./dobot_homing/homing_server.py:17:100: E501 line too long (263 &gt; 99 characters)
E     ./dobot_homing/homing_server.py:17:188: E251 unexpected spaces around keyword / parameter equals
E     ./dobot_homing/homing_server.py:17:190: E251 unexpected spaces around keyword / parameter equals
E     ./dobot_homing/homing_server.py:18:100: E501 line too long (111 &gt; 99 characters)
E     ./dobot_homing/homing_server.py:23:5: E303 too many blank lines (2)
E     ./dobot_homing/homing_server.py:27:100: E501 line too long (105 &gt; 99 characters)
E     ./dobot_homing/homing_server.py:34:5: E303 too many blank lines (3)
E     ./dobot_homing/homing_server.py:36:34: W291 trailing whitespace
E     ./dobot_homing/homing_server.py:46:1: E303 too many blank lines (4)
E     ./dobot_homing/homing_server.py:57:11: W292 no newline at end of file
E   assert 1 == 0</failure></testcase><testcase classname="dobot_homing.test.test_pep257" name="test_pep257" time="0.080" /></testsuite></testsuites>