<?xml version="1.0" encoding="utf-8"?><testsuites><testsuite name="pytest" errors="0" failures="3" skipped="0" tests="3" time="1.301" timestamp="2026-07-03T13:57:02.803746" hostname="jetson-orin"><testcase classname="dobot_kinematics.test.test_copyright" name="test_copyright" time="0.510"><failure message="AssertionError: Found errors&#10;assert 1 == 0">test/test_copyright.py:23: in test_copyright
    assert rc == 0, 'Found errors'
E   AssertionError: Found errors
E   assert 1 == 0</failure></testcase><testcase classname="dobot_kinematics.test.test_flake8" name="test_flake8" time="0.448"><failure message="AssertionError: Found 240 code style errors / warnings:&#10;  ./dobot_kinematics/dobot_forward_kin.py:1:100: E501 line too long (102 &gt; 99 characters)&#10;  ./dobot_kinematics/dobot_forward_kin.py:4:1: E302 expected 2 blank lines, found 1&#10;  ./dobot_kinematics/dobot_forward_kin.py:6:1: W191 indentation contains tabs&#10;  ./dobot_kinematics/dobot_forward_kin.py:8:1: W191 indentation contains tabs&#10;  ./dobot_kinematics/dobot_forward_kin.py:9:1: W191 indentation contains tabs&#10;  ./dobot_kinematics/dobot_forward_kin.py:9:39: W291 trailing whitespace&#10;  ./dobot_kinematics/dobot_forward_kin.py:10:1: W191 indentation contains tabs&#10;  ./dobot_kinematics/dobot_forward_kin.py:11:1: W191 indentation contains tabs&#10;  ./dobot_kinematics/dobot_forward_kin.py:11:3: E128 continuation line under-indented for visual indent&#10;  ./dobot_kinematics/dobot_forward_kin.py:11:19: W291 trailing whitespace&#10;  ./dobot_kinematics/dobot_forward_kin.py:12:1: W191 indentation contains tabs&#10;  ./dobot_kinematics/dobot_forward_kin.py:13:1: W191 indentation contains tabs&#10;  ./dobot_kinematics/dobot_forward_kin.py:13:28: W291 trailing whitespace&#10;  ./dobot_kinematics/dobot_forward_kin.py:16:1: W191 indentation contains tabs&#10;  ./dobot_kinematics/dobot_forward_kin.py:16:2: E303 too many blank lines (2)&#10;  ./dobot_kinematics/dobot_forward_kin.py:16:36: W291 trailing whitespace&#10;  ./dobot_kinematics/dobot_forward_kin.py:17:1: W191 indentation contains tabs&#10;  ./dobot_kinematics/dobot_forward_kin.py:18:1: W191 indentation contains tabs&#10;  ./dobot_kinematics/dobot_forward_kin.py:18:3: E128 continuation line under-indented for visual indent&#10;  ./dobot_kinematics/dobot_forward_kin.py:19:1: W191 indentation contains tabs&#10;  ./dobot_kinematics/dobot_forward_kin.py:19:10: E225 missing whitespace around operator&#10;  ./dobot_kinematics/dobot_forward_kin.py:20:1: W191 indentation contains tabs&#10;  ./dobot_kinematics/dobot_forward_kin.py:23:1: W191 indentation contains tabs&#10;  ./dobot_kinematics/dobot_forward_kin.py:23:2: E303 too many blank lines (2)&#10;  ./dobot_kinematics/dobot_forward_kin.py:23:36: W291 trailing whitespace&#10;  ./dobot_kinematics/dobot_forward_kin.py:24:1: W191 indentation contains tabs&#10;  ./dobot_kinematics/dobot_forward_kin.py:25:1: W191 indentation contains tabs&#10;  ./dobot_kinematics/dobot_forward_kin.py:25:3: E128 continuation line under-indented for visual indent&#10;  ./dobot_kinematics/dobot_forward_kin.py:26:1: W191 indentation contains tabs&#10;  ./dobot_kinematics/dobot_forward_kin.py:26:10: E225 missing whitespace around operator&#10;  ./dobot_kinematics/dobot_forward_kin.py:26:33: E231 missing whitespace after ','&#10;  ./dobot_kinematics/dobot_forward_kin.py:27:1: W191 indentation contains tabs&#10;  ./dobot_kinematics/dobot_forward_kin.py:30:1: W191 indentation contains tabs&#10;  ./dobot_kinematics/dobot_forward_kin.py:30:2: E303 too many blank lines (2)&#10;  ./dobot_kinematics/dobot_forward_kin.py:31:1: W191 indentation contains tabs&#10;  ./dobot_kinematics/dobot_forward_kin.py:31:14: E225 missing whitespace around operator&#10;  ./dobot_kinematics/dobot_forward_kin.py:32:1: W191 indentation contains tabs&#10;  ./dobot_kinematics/dobot_forward_kin.py:32:17: E225 missing whitespace around operator&#10;  ./dobot_kinematics/dobot_forward_kin.py:33:1: W191 indentation contains tabs&#10;  ./dobot_kinematics/dobot_forward_kin.py:33:17: E225 missing whitespace around operator&#10;  ./dobot_kinematics/dobot_forward_kin.py:34:1: W191 indentation contains tabs&#10;  ./dobot_kinematics/dobot_forward_kin.py:34:17: E225 missing whitespace around operator&#10;  ./dobot_kinematics/dobot_forward_kin.py:37:1: W191 indentation contains tabs&#10;  ./dobot_kinematics/dobot_forward_kin.py:37:2: E303 too many blank lines (2)&#10;  ./dobot_kinematics/dobot_forward_kin.py:39:1: W191 indentation contains tabs&#10;  ./dobot_kinematics/dobot_forward_kin.py:39:4: E225 missing whitespace around operator&#10;  ./dobot_kinematics/dobot_forward_kin.py:40:1: W191 indentation contains tabs&#10;  ./dobot_kinematics/dobot_forward_kin.py:40:12: E225 missing whitespace around operator&#10;  ./dobot_kinematics/dobot_forward_kin.py:41:1: W191 indentation contains tabs&#10;  ./dobot_kinematics/dobot_forward_kin.py:41:27: E231 missing whitespace after ','&#10;  ./dobot_kinematics/dobot_forward_kin.py:42:1: W191 indentation contains tabs&#10;  ./dobot_kinematics/dobot_forward_kin.py:42:20: W291 trailing whitespace&#10;  ./dobot_kinematics/dobot_forward_kin.py:44:1: W191 indentation contains tabs&#10;  ./dobot_kinematics/dobot_forward_kin.py:45:1: W391 blank line at end of file&#10;  ./dobot_kinematics/trajectory_validator_server.py:8:1: F401 'os.path' imported but unused&#10;  ./dobot_kinematics/trajectory_validator_server.py:9:1: F401 'geometry_msgs.msg.PoseStamped' imported but unused&#10;  ./dobot_kinematics/trajectory_validator_server.py:9:42: W291 trailing whitespace&#10;  ./dobot_kinematics/trajectory_validator_server.py:10:1: F401 'tf_transformations' imported but unused&#10;  ./dobot_kinematics/trajectory_validator_server.py:12:1: F401 'numpy as np' imported but unused&#10;  ./dobot_kinematics/trajectory_validator_server.py:13:1: F401 'os' imported but unused&#10;  ./dobot_kinematics/trajectory_validator_server.py:19:1: E303 too many blank lines (4)&#10;  ./dobot_kinematics/trajectory_validator_server.py:23:100: E501 line too long (127 &gt; 99 characters)&#10;  ./dobot_kinematics/trajectory_validator_server.py:24:100: E501 line too long (125 &gt; 99 characters)&#10;  ./dobot_kinematics/trajectory_validator_server.py:28:9: E303 too many blank lines (2)&#10;  ./dobot_kinematics/trajectory_validator_server.py:29:29: W291 trailing whitespace&#10;  ./dobot_kinematics/trajectory_validator_server.py:32:32: E261 at least two spaces before inline comment&#10;  ./dobot_kinematics/trajectory_validator_server.py:32:33: E262 inline comment should start with '# '&#10;  ./dobot_kinematics/trajectory_validator_server.py:43:83: W291 trailing whitespace&#10;  ./dobot_kinematics/trajectory_validator_server.py:44:9: E128 continuation line under-indented for visual indent&#10;  ./dobot_kinematics/trajectory_validator_server.py:44:40: E251 unexpected spaces around keyword / parameter equals&#10;  ./dobot_kinematics/trajectory_validator_server.py:44:42: E251 unexpected spaces around keyword / parameter equals&#10;  ./dobot_kinematics/trajectory_validator_server.py:44:100: E501 line too long (111 &gt; 99 characters)&#10;  ./dobot_kinematics/trajectory_validator_server.py:44:112: W291 trailing whitespace&#10;  ./dobot_kinematics/trajectory_validator_server.py:45:9: E128 continuation line under-indented for visual indent&#10;  ./dobot_kinematics/trajectory_validator_server.py:45:31: E251 unexpected spaces around keyword / parameter equals&#10;  ./dobot_kinematics/trajectory_validator_server.py:45:33: E251 unexpected spaces around keyword / parameter equals&#10;  ./dobot_kinematics/trajectory_validator_server.py:48:83: W291 trailing whitespace&#10;  ./dobot_kinematics/trajectory_validator_server.py:49:9: E128 continuation line under-indented for visual indent&#10;  ./dobot_kinematics/trajectory_validator_server.py:49:40: E251 unexpected spaces around keyword / parameter equals&#10;  ./dobot_kinematics/trajectory_validator_server.py:49:42: E251 unexpected spaces around keyword / parameter equals&#10;  ./dobot_kinematics/trajectory_validator_server.py:49:100: E501 line too long (112 &gt; 99 characters)&#10;  ./dobot_kinematics/trajectory_validator_server.py:49:113: W291 trailing whitespace&#10;  ./dobot_kinematics/trajectory_validator_server.py:50:9: E128 continuation line under-indented for visual indent&#10;  ./dobot_kinematics/trajectory_validator_server.py:50:31: E251 unexpected spaces around keyword / parameter equals&#10;  ./dobot_kinematics/trajectory_validator_server.py:50:33: E251 unexpected spaces around keyword / parameter equals&#10;  ./dobot_kinematics/trajectory_validator_server.py:53:83: W291 trailing whitespace&#10;  ./dobot_kinematics/trajectory_validator_server.py:54:9: E128 continuation line under-indented for visual indent&#10;  ./dobot_kinematics/trajectory_validator_server.py:54:40: E251 unexpected spaces around keyword / parameter equals&#10;  ./dobot_kinematics/trajectory_validator_server.py:54:42: E251 unexpected spaces around keyword / parameter equals&#10;  ./dobot_kinematics/trajectory_validator_server.py:54:100: E501 line too long (111 &gt; 99 characters)&#10;  ./dobot_kinematics/trajectory_validator_server.py:54:112: W291 trailing whitespace&#10;  ./dobot_kinematics/trajectory_validator_server.py:55:9: E128 continuation line under-indented for visual indent&#10;  ./dobot_kinematics/trajectory_validator_server.py:55:31: E251 unexpected spaces around keyword / parameter equals&#10;  ./dobot_kinematics/trajectory_validator_server.py:55:33: E251 unexpected spaces around keyword / parameter equals&#10;  ./dobot_kinematics/trajectory_validator_server.py:57:17: W291 trailing whitespace&#10;  ./dobot_kinematics/trajectory_validator_server.py:58:83: W291 trailing whitespace&#10;  ./dobot_kinematics/trajectory_validator_server.py:59:9: E128 continuation line under-indented for visual indent&#10;  ./dobot_kinematics/trajectory_validator_server.py:59:40: E251 unexpected spaces around keyword / parameter equals&#10;  ./dobot_kinematics/trajectory_validator_server.py:59:42: E251 unexpected spaces around keyword / parameter equals&#10;  ./dobot_kinematics/trajectory_validator_server.py:59:100: E501 line too long (112 &gt; 99 characters)&#10;  ./dobot_kinematics/trajectory_validator_server.py:59:113: W291 trailing whitespace&#10;  ./dobot_kinematics/trajectory_validator_server.py:60:9: E128 continuation line under-indented for visual indent&#10;  ./dobot_kinematics/trajectory_validator_server.py:60:31: E251 unexpected spaces around keyword / parameter equals&#10;  ./dobot_kinematics/trajectory_validator_server.py:60:33: E251 unexpected spaces around keyword / parameter equals&#10;  ./dobot_kinematics/trajectory_validator_server.py:66:9: E303 too many blank lines (3)&#10;  ./dobot_kinematics/trajectory_validator_server.py:69:5: E303 too many blank lines (2)&#10;  ./dobot_kinematics/trajectory_validator_server.py:99:5: E303 too many blank lines (3)&#10;  ./dobot_kinematics/trajectory_validator_server.py:100:13: E117 over-indented&#10;  ./dobot_kinematics/trajectory_validator_server.py:100:100: E501 line too long (125 &gt; 99 characters)&#10;  ./dobot_kinematics/trajectory_validator_server.py:103:5: E303 too many blank lines (2)&#10;  ./dobot_kinematics/trajectory_validator_server.py:104:100: E501 line too long (105 &gt; 99 characters)&#10;  ./dobot_kinematics/trajectory_validator_server.py:109:5: E303 too many blank lines (3)&#10;  ./dobot_kinematics/trajectory_validator_server.py:114:12: E111 indentation is not a multiple of 4&#10;  ./dobot_kinematics/trajectory_validator_server.py:116:1: W293 blank line contains whitespace&#10;  ./dobot_kinematics/trajectory_validator_server.py:118:50: E231 missing whitespace after ','&#10;  ./dobot_kinematics/trajectory_validator_server.py:128:12: E111 indentation is not a multiple of 4&#10;  ./dobot_kinematics/trajectory_validator_server.py:132:5: E303 too many blank lines (2)&#10;  ./dobot_kinematics/trajectory_validator_server.py:137:25: E712 comparison to False should be 'if cond is False:' or 'if not cond:'&#10;  ./dobot_kinematics/trajectory_validator_server.py:139:100: E501 line too long (210 &gt; 99 characters)&#10;  ./dobot_kinematics/trajectory_validator_server.py:141:100: E501 line too long (123 &gt; 99 characters)&#10;  ./dobot_kinematics/trajectory_validator_server.py:144:1: W293 blank line contains whitespace&#10;  ./dobot_kinematics/trajectory_validator_server.py:148:100: E501 line too long (121 &gt; 99 characters)&#10;  ./dobot_kinematics/trajectory_validator_server.py:149:100: E501 line too long (125 &gt; 99 characters)&#10;  ./dobot_kinematics/trajectory_validator_server.py:150:13: F841 local variable 'cartesian_target_list' is assigned to but never used&#10;  ./dobot_kinematics/trajectory_validator_server.py:150:100: E501 line too long (128 &gt; 99 characters)&#10;  ./dobot_kinematics/trajectory_validator_server.py:155:27: E712 comparison to False should be 'if cond is False:' or 'if not cond:'&#10;  ./dobot_kinematics/trajectory_validator_server.py:158:29: E712 comparison to False should be 'if cond is False:' or 'if not cond:'&#10;  ./dobot_kinematics/trajectory_validator_server.py:160:100: E501 line too long (225 &gt; 99 characters)&#10;  ./dobot_kinematics/trajectory_validator_server.py:162:100: E501 line too long (123 &gt; 99 characters)&#10;  ./dobot_kinematics/trajectory_validator_server.py:167:9: E303 too many blank lines (2)&#10;  ./dobot_kinematics/trajectory_validator_server.py:170:23: E712 comparison to False should be 'if cond is False:' or 'if not cond:'&#10;  ./dobot_kinematics/trajectory_validator_server.py:173:25: E712 comparison to False should be 'if cond is False:' or 'if not cond:'&#10;  ./dobot_kinematics/trajectory_validator_server.py:175:100: E501 line too long (210 &gt; 99 characters)&#10;  ./dobot_kinematics/trajectory_validator_server.py:177:100: E501 line too long (123 &gt; 99 characters)&#10;  ./dobot_kinematics/trajectory_validator_server.py:182:9: E303 too many blank lines (2)&#10;  ./dobot_kinematics/trajectory_validator_server.py:183:100: E501 line too long (109 &gt; 99 characters)&#10;  ./dobot_kinematics/trajectory_validator_server.py:188:27: E712 comparison to False should be 'if cond is False:' or 'if not cond:'&#10;  ./dobot_kinematics/trajectory_validator_server.py:191:29: E712 comparison to False should be 'if cond is False:' or 'if not cond:'&#10;  ./dobot_kinematics/trajectory_validator_server.py:193:100: E501 line too long (210 &gt; 99 characters)&#10;  ./dobot_kinematics/trajectory_validator_server.py:195:100: E501 line too long (123 &gt; 99 characters)&#10;  ./dobot_kinematics/trajectory_validator_server.py:199:47: W291 trailing whitespace&#10;  ./dobot_kinematics/trajectory_validator_server.py:200:13: E265 block comment should start with '# '&#10;  ./dobot_kinematics/trajectory_validator_server.py:217:11: W292 no newline at end of file&#10;  ./dobot_kinematics/dobot_inv_kin.py:1:1: F811 redefinition of unused 'degrees' from line 1&#10;  ./dobot_kinematics/dobot_inv_kin.py:3:1: E302 expected 2 blank lines, found 1&#10;  ./dobot_kinematics/dobot_inv_kin.py:7:22: W291 trailing whitespace&#10;  ./dobot_kinematics/dobot_inv_kin.py:11:28: E231 missing whitespace after ','&#10;  ./dobot_kinematics/dobot_inv_kin.py:13:27: E231 missing whitespace after ','&#10;  ./dobot_kinematics/dobot_inv_kin.py:13:38: E231 missing whitespace after ','&#10;  ./dobot_kinematics/dobot_inv_kin.py:13:49: E231 missing whitespace after ','&#10;  ./dobot_kinematics/dobot_inv_kin.py:14:35: E231 missing whitespace after ','&#10;  ./dobot_kinematics/dobot_inv_kin.py:14:46: E231 missing whitespace after ','&#10;  ./dobot_kinematics/dobot_inv_kin.py:15:25: E201 whitespace after '('&#10;  ./dobot_kinematics/dobot_inv_kin.py:15:51: E231 missing whitespace after ','&#10;  ./dobot_kinematics/dobot_inv_kin.py:15:68: E231 missing whitespace after ','&#10;  ./dobot_kinematics/dobot_inv_kin.py:15:71: E202 whitespace before ')'&#10;  ./dobot_kinematics/dobot_inv_kin.py:15:77: E201 whitespace after '('&#10;  ./dobot_kinematics/dobot_inv_kin.py:15:100: E501 line too long (112 &gt; 99 characters)&#10;  ./dobot_kinematics/dobot_inv_kin.py:15:109: E202 whitespace before ')'&#10;  ./dobot_kinematics/dobot_inv_kin.py:21:29: E201 whitespace after '('&#10;  ./dobot_kinematics/dobot_inv_kin.py:21:55: E231 missing whitespace after ','&#10;  ./dobot_kinematics/dobot_inv_kin.py:21:72: E231 missing whitespace after ','&#10;  ./dobot_kinematics/dobot_inv_kin.py:21:75: E202 whitespace before ')'&#10;  ./dobot_kinematics/dobot_inv_kin.py:21:81: E201 whitespace after '('&#10;  ./dobot_kinematics/dobot_inv_kin.py:21:94: E225 missing whitespace around operator&#10;  ./dobot_kinematics/dobot_inv_kin.py:21:95: E222 multiple spaces after operator&#10;  ./dobot_kinematics/dobot_inv_kin.py:21:100: E501 line too long (106 &gt; 99 characters)&#10;  ./dobot_kinematics/dobot_inv_kin.py:22:42: W291 trailing whitespace&#10;  ./dobot_kinematics/dobot_inv_kin.py:24:25: E201 whitespace after '['&#10;  ./dobot_kinematics/dobot_inv_kin.py:24:100: E501 line too long (147 &gt; 99 characters)&#10;  ./dobot_kinematics/dobot_inv_kin.py:24:126: E261 at least two spaces before inline comment&#10;  ./dobot_kinematics/dobot_inv_kin.py:25:5: E722 do not use bare 'except'&#10;  ./dobot_kinematics/dobot_inv_kin.py:30:1: W391 blank line at end of file&#10;  ./dobot_kinematics/trajectory_validator_client.py:5:100: E501 line too long (101 &gt; 99 characters)&#10;  ./dobot_kinematics/trajectory_validator_client.py:7:1: E302 expected 2 blank lines, found 1&#10;  ./dobot_kinematics/trajectory_validator_client.py:11:100: E501 line too long (109 &gt; 99 characters)&#10;  ./dobot_kinematics/trajectory_validator_client.py:30:5: E122 continuation line missing indentation or outdented&#10;  ./dobot_kinematics/trajectory_validator_client.py:30:38: E225 missing whitespace around operator&#10;  ./dobot_kinematics/trajectory_validator_client.py:38:1: W391 blank line at end of file&#10;  ./dobot_kinematics/collision_utils.py:70:5: E303 too many blank lines (2)&#10;  ./dobot_kinematics/collision_utils.py:98:58: E251 unexpected spaces around keyword / parameter equals&#10;  ./dobot_kinematics/collision_utils.py:98:60: E251 unexpected spaces around keyword / parameter equals&#10;  ./dobot_kinematics/collision_utils.py:102:9: E303 too many blank lines (2)&#10;  ./dobot_kinematics/collision_utils.py:115:13: E303 too many blank lines (2)&#10;  ./dobot_kinematics/collision_utils.py:120:75: E261 at least two spaces before inline comment&#10;  ./dobot_kinematics/collision_utils.py:120:100: E501 line too long (144 &gt; 99 characters)&#10;  ./dobot_kinematics/collision_utils.py:125:5: E303 too many blank lines (2)&#10;  ./dobot_kinematics/collision_utils.py:129:17: E117 over-indented&#10;  ./dobot_kinematics/collision_utils.py:141:35: W291 trailing whitespace&#10;  ./dobot_kinematics/collision_detection_server.py:1:1: F401 'time' imported but unused&#10;  ./dobot_kinematics/collision_detection_server.py:15:1: E303 too many blank lines (3)&#10;  ./dobot_kinematics/collision_detection_server.py:21:5: E303 too many blank lines (2)&#10;  ./dobot_kinematics/collision_detection_server.py:28:55: E203 whitespace before ','&#10;  ./dobot_kinematics/collision_detection_server.py:28:56: E231 missing whitespace after ','&#10;  ./dobot_kinematics/collision_detection_server.py:28:69: W291 trailing whitespace&#10;  ./dobot_kinematics/collision_detection_server.py:29:61: E231 missing whitespace after ','&#10;  ./dobot_kinematics/collision_detection_server.py:29:67: E225 missing whitespace around operator&#10;  ./dobot_kinematics/collision_detection_server.py:29:100: E501 line too long (141 &gt; 99 characters)&#10;  ./dobot_kinematics/collision_detection_server.py:45:9: E303 too many blank lines (2)&#10;  ./dobot_kinematics/collision_detection_server.py:65:24: E203 whitespace before ':'&#10;  ./dobot_kinematics/collision_detection_server.py:72:5: E303 too many blank lines (2)&#10;  ./dobot_kinematics/collision_detection_server.py:87:53: E251 unexpected spaces around keyword / parameter equals&#10;  ./dobot_kinematics/collision_detection_server.py:87:55: E251 unexpected spaces around keyword / parameter equals&#10;  ./dobot_kinematics/collision_detection_server.py:91:5: E303 too many blank lines (2)&#10;  ./dobot_kinematics/collision_detection_server.py:92:71: E251 unexpected spaces around keyword / parameter equals&#10;  ./dobot_kinematics/collision_detection_server.py:92:73: E251 unexpected spaces around keyword / parameter equals&#10;  ./dobot_kinematics/collision_detection_server.py:99:100: E501 line too long (156 &gt; 99 characters)&#10;  ./dobot_kinematics/collision_detection_server.py:100:100: E501 line too long (169 &gt; 99 characters)&#10;  ./dobot_kinematics/collision_detection_server.py:109:16: E225 missing whitespace around operator&#10;  ./dobot_kinematics/collision_detection_server.py:114:1: W293 blank line contains whitespace&#10;  ./dobot_kinematics/collision_detection_server.py:115:5: E303 too many blank lines (2)&#10;  ./dobot_kinematics/collision_detection_server.py:127:9: E303 too many blank lines (2)&#10;  ./dobot_kinematics/collision_detection_server.py:131:77: W291 trailing whitespace&#10;  ./dobot_kinematics/collision_detection_server.py:133:73: W291 trailing whitespace&#10;  ./dobot_kinematics/collision_detection_server.py:139:9: E303 too many blank lines (2)&#10;  ./dobot_kinematics/collision_detection_server.py:139:26: E712 comparison to True should be 'if cond is True:' or 'if cond:'&#10;  ./dobot_kinematics/collision_detection_server.py:139:50: E225 missing whitespace around operator&#10;  ./dobot_kinematics/collision_detection_server.py:143:100: E501 line too long (101 &gt; 99 characters)&#10;  ./dobot_kinematics/collision_detection_server.py:145:28: E712 comparison to False should be 'if cond is False:' or 'if not cond:'&#10;  ./dobot_kinematics/collision_detection_server.py:145:53: E225 missing whitespace around operator&#10;  ./dobot_kinematics/collision_detection_server.py:151:28: E712 comparison to True should be 'if cond is True:' or 'if cond:'&#10;  ./dobot_kinematics/collision_detection_server.py:151:52: E225 missing whitespace around operator&#10;  ./dobot_kinematics/collision_detection_server.py:155:100: E501 line too long (155 &gt; 99 characters)&#10;  ./dobot_kinematics/collision_detection_server.py:157:28: E712 comparison to False should be 'if cond is False:' or 'if not cond:'&#10;  ./dobot_kinematics/collision_detection_server.py:157:53: E225 missing whitespace around operator&#10;  ./dobot_kinematics/collision_detection_server.py:161:100: E501 line too long (107 &gt; 99 characters)&#10;  ./dobot_kinematics/collision_detection_server.py:163:1: W293 blank line contains whitespace&#10;  ./dobot_kinematics/collision_detection_server.py:165:9: E303 too many blank lines (2)&#10;  ./dobot_kinematics/collision_detection_server.py:175:26: E251 unexpected spaces around keyword / parameter equals&#10;  ./dobot_kinematics/collision_detection_server.py:175:28: E251 unexpected spaces around keyword / parameter equals&#10;  ./dobot_kinematics/collision_detection_server.py:183:100: E501 line too long (114 &gt; 99 characters)&#10;  ./dobot_kinematics/collision_detection_server.py:194:1: W293 blank line contains whitespace&#10;  ./dobot_kinematics/collision_detection_server.py:196:30: E251 unexpected spaces around keyword / parameter equals&#10;  ./dobot_kinematics/collision_detection_server.py:196:32: E251 unexpected spaces around keyword / parameter equals&#10;  ./dobot_kinematics/collision_detection_server.py:202:13: E303 too many blank lines (2)&#10;  ./launch/dobot_validate_trajectory.launch.py:7:1: E302 expected 2 blank lines, found 1&#10;  ./launch/dobot_validate_trajectory.launch.py:16:5: E122 continuation line missing indentation or outdented&#10;  ./launch/dobot_validate_trajectory.launch.py:21:5: E122 continuation line missing indentation or outdented&#10;  ./launch/dobot_validate_trajectory.launch.py:23:23: E231 missing whitespace after ','&#10;  ./launch/dobot_validate_trajectory.launch.py:28:1: W391 blank line at end of file&#10;assert 1 == 0">test/test_flake8.py:23: in test_flake8
    assert rc == 0, \
E   AssertionError: Found 240 code style errors / warnings:
E     ./dobot_kinematics/dobot_forward_kin.py:1:100: E501 line too long (102 &gt; 99 characters)
E     ./dobot_kinematics/dobot_forward_kin.py:4:1: E302 expected 2 blank lines, found 1
E     ./dobot_kinematics/dobot_forward_kin.py:6:1: W191 indentation contains tabs
E     ./dobot_kinematics/dobot_forward_kin.py:8:1: W191 indentation contains tabs
E     ./dobot_kinematics/dobot_forward_kin.py:9:1: W191 indentation contains tabs
E     ./dobot_kinematics/dobot_forward_kin.py:9:39: W291 trailing whitespace
E     ./dobot_kinematics/dobot_forward_kin.py:10:1: W191 indentation contains tabs
E     ./dobot_kinematics/dobot_forward_kin.py:11:1: W191 indentation contains tabs
E     ./dobot_kinematics/dobot_forward_kin.py:11:3: E128 continuation line under-indented for visual indent
E     ./dobot_kinematics/dobot_forward_kin.py:11:19: W291 trailing whitespace
E     ./dobot_kinematics/dobot_forward_kin.py:12:1: W191 indentation contains tabs
E     ./dobot_kinematics/dobot_forward_kin.py:13:1: W191 indentation contains tabs
E     ./dobot_kinematics/dobot_forward_kin.py:13:28: W291 trailing whitespace
E     ./dobot_kinematics/dobot_forward_kin.py:16:1: W191 indentation contains tabs
E     ./dobot_kinematics/dobot_forward_kin.py:16:2: E303 too many blank lines (2)
E     ./dobot_kinematics/dobot_forward_kin.py:16:36: W291 trailing whitespace
E     ./dobot_kinematics/dobot_forward_kin.py:17:1: W191 indentation contains tabs
E     ./dobot_kinematics/dobot_forward_kin.py:18:1: W191 indentation contains tabs
E     ./dobot_kinematics/dobot_forward_kin.py:18:3: E128 continuation line under-indented for visual indent
E     ./dobot_kinematics/dobot_forward_kin.py:19:1: W191 indentation contains tabs
E     ./dobot_kinematics/dobot_forward_kin.py:19:10: E225 missing whitespace around operator
E     ./dobot_kinematics/dobot_forward_kin.py:20:1: W191 indentation contains tabs
E     ./dobot_kinematics/dobot_forward_kin.py:23:1: W191 indentation contains tabs
E     ./dobot_kinematics/dobot_forward_kin.py:23:2: E303 too many blank lines (2)
E     ./dobot_kinematics/dobot_forward_kin.py:23:36: W291 trailing whitespace
E     ./dobot_kinematics/dobot_forward_kin.py:24:1: W191 indentation contains tabs
E     ./dobot_kinematics/dobot_forward_kin.py:25:1: W191 indentation contains tabs
E     ./dobot_kinematics/dobot_forward_kin.py:25:3: E128 continuation line under-indented for visual indent
E     ./dobot_kinematics/dobot_forward_kin.py:26:1: W191 indentation contains tabs
E     ./dobot_kinematics/dobot_forward_kin.py:26:10: E225 missing whitespace around operator
E     ./dobot_kinematics/dobot_forward_kin.py:26:33: E231 missing whitespace after ','
E     ./dobot_kinematics/dobot_forward_kin.py:27:1: W191 indentation contains tabs
E     ./dobot_kinematics/dobot_forward_kin.py:30:1: W191 indentation contains tabs
E     ./dobot_kinematics/dobot_forward_kin.py:30:2: E303 too many blank lines (2)
E     ./dobot_kinematics/dobot_forward_kin.py:31:1: W191 indentation contains tabs
E     ./dobot_kinematics/dobot_forward_kin.py:31:14: E225 missing whitespace around operator
E     ./dobot_kinematics/dobot_forward_kin.py:32:1: W191 indentation contains tabs
E     ./dobot_kinematics/dobot_forward_kin.py:32:17: E225 missing whitespace around operator
E     ./dobot_kinematics/dobot_forward_kin.py:33:1: W191 indentation contains tabs
E     ./dobot_kinematics/dobot_forward_kin.py:33:17: E225 missing whitespace around operator
E     ./dobot_kinematics/dobot_forward_kin.py:34:1: W191 indentation contains tabs
E     ./dobot_kinematics/dobot_forward_kin.py:34:17: E225 missing whitespace around operator
E     ./dobot_kinematics/dobot_forward_kin.py:37:1: W191 indentation contains tabs
E     ./dobot_kinematics/dobot_forward_kin.py:37:2: E303 too many blank lines (2)
E     ./dobot_kinematics/dobot_forward_kin.py:39:1: W191 indentation contains tabs
E     ./dobot_kinematics/dobot_forward_kin.py:39:4: E225 missing whitespace around operator
E     ./dobot_kinematics/dobot_forward_kin.py:40:1: W191 indentation contains tabs
E     ./dobot_kinematics/dobot_forward_kin.py:40:12: E225 missing whitespace around operator
E     ./dobot_kinematics/dobot_forward_kin.py:41:1: W191 indentation contains tabs
E     ./dobot_kinematics/dobot_forward_kin.py:41:27: E231 missing whitespace after ','
E     ./dobot_kinematics/dobot_forward_kin.py:42:1: W191 indentation contains tabs
E     ./dobot_kinematics/dobot_forward_kin.py:42:20: W291 trailing whitespace
E     ./dobot_kinematics/dobot_forward_kin.py:44:1: W191 indentation contains tabs
E     ./dobot_kinematics/dobot_forward_kin.py:45:1: W391 blank line at end of file
E     ./dobot_kinematics/trajectory_validator_server.py:8:1: F401 'os.path' imported but unused
E     ./dobot_kinematics/trajectory_validator_server.py:9:1: F401 'geometry_msgs.msg.PoseStamped' imported but unused
E     ./dobot_kinematics/trajectory_validator_server.py:9:42: W291 trailing whitespace
E     ./dobot_kinematics/trajectory_validator_server.py:10:1: F401 'tf_transformations' imported but unused
E     ./dobot_kinematics/trajectory_validator_server.py:12:1: F401 'numpy as np' imported but unused
E     ./dobot_kinematics/trajectory_validator_server.py:13:1: F401 'os' imported but unused
E     ./dobot_kinematics/trajectory_validator_server.py:19:1: E303 too many blank lines (4)
E     ./dobot_kinematics/trajectory_validator_server.py:23:100: E501 line too long (127 &gt; 99 characters)
E     ./dobot_kinematics/trajectory_validator_server.py:24:100: E501 line too long (125 &gt; 99 characters)
E     ./dobot_kinematics/trajectory_validator_server.py:28:9: E303 too many blank lines (2)
E     ./dobot_kinematics/trajectory_validator_server.py:29:29: W291 trailing whitespace
E     ./dobot_kinematics/trajectory_validator_server.py:32:32: E261 at least two spaces before inline comment
E     ./dobot_kinematics/trajectory_validator_server.py:32:33: E262 inline comment should start with '# '
E     ./dobot_kinematics/trajectory_validator_server.py:43:83: W291 trailing whitespace
E     ./dobot_kinematics/trajectory_validator_server.py:44:9: E128 continuation line under-indented for visual indent
E     ./dobot_kinematics/trajectory_validator_server.py:44:40: E251 unexpected spaces around keyword / parameter equals
E     ./dobot_kinematics/trajectory_validator_server.py:44:42: E251 unexpected spaces around keyword / parameter equals
E     ./dobot_kinematics/trajectory_validator_server.py:44:100: E501 line too long (111 &gt; 99 characters)
E     ./dobot_kinematics/trajectory_validator_server.py:44:112: W291 trailing whitespace
E     ./dobot_kinematics/trajectory_validator_server.py:45:9: E128 continuation line under-indented for visual indent
E     ./dobot_kinematics/trajectory_validator_server.py:45:31: E251 unexpected spaces around keyword / parameter equals
E     ./dobot_kinematics/trajectory_validator_server.py:45:33: E251 unexpected spaces around keyword / parameter equals
E     ./dobot_kinematics/trajectory_validator_server.py:48:83: W291 trailing whitespace
E     ./dobot_kinematics/trajectory_validator_server.py:49:9: E128 continuation line under-indented for visual indent
E     ./dobot_kinematics/trajectory_validator_server.py:49:40: E251 unexpected spaces around keyword / parameter equals
E     ./dobot_kinematics/trajectory_validator_server.py:49:42: E251 unexpected spaces around keyword / parameter equals
E     ./dobot_kinematics/trajectory_validator_server.py:49:100: E501 line too long (112 &gt; 99 characters)
E     ./dobot_kinematics/trajectory_validator_server.py:49:113: W291 trailing whitespace
E     ./dobot_kinematics/trajectory_validator_server.py:50:9: E128 continuation line under-indented for visual indent
E     ./dobot_kinematics/trajectory_validator_server.py:50:31: E251 unexpected spaces around keyword / parameter equals
E     ./dobot_kinematics/trajectory_validator_server.py:50:33: E251 unexpected spaces around keyword / parameter equals
E     ./dobot_kinematics/trajectory_validator_server.py:53:83: W291 trailing whitespace
E     ./dobot_kinematics/trajectory_validator_server.py:54:9: E128 continuation line under-indented for visual indent
E     ./dobot_kinematics/trajectory_validator_server.py:54:40: E251 unexpected spaces around keyword / parameter equals
E     ./dobot_kinematics/trajectory_validator_server.py:54:42: E251 unexpected spaces around keyword / parameter equals
E     ./dobot_kinematics/trajectory_validator_server.py:54:100: E501 line too long (111 &gt; 99 characters)
E     ./dobot_kinematics/trajectory_validator_server.py:54:112: W291 trailing whitespace
E     ./dobot_kinematics/trajectory_validator_server.py:55:9: E128 continuation line under-indented for visual indent
E     ./dobot_kinematics/trajectory_validator_server.py:55:31: E251 unexpected spaces around keyword / parameter equals
E     ./dobot_kinematics/trajectory_validator_server.py:55:33: E251 unexpected spaces around keyword / parameter equals
E     ./dobot_kinematics/trajectory_validator_server.py:57:17: W291 trailing whitespace
E     ./dobot_kinematics/trajectory_validator_server.py:58:83: W291 trailing whitespace
E     ./dobot_kinematics/trajectory_validator_server.py:59:9: E128 continuation line under-indented for visual indent
E     ./dobot_kinematics/trajectory_validator_server.py:59:40: E251 unexpected spaces around keyword / parameter equals
E     ./dobot_kinematics/trajectory_validator_server.py:59:42: E251 unexpected spaces around keyword / parameter equals
E     ./dobot_kinematics/trajectory_validator_server.py:59:100: E501 line too long (112 &gt; 99 characters)
E     ./dobot_kinematics/trajectory_validator_server.py:59:113: W291 trailing whitespace
E     ./dobot_kinematics/trajectory_validator_server.py:60:9: E128 continuation line under-indented for visual indent
E     ./dobot_kinematics/trajectory_validator_server.py:60:31: E251 unexpected spaces around keyword / parameter equals
E     ./dobot_kinematics/trajectory_validator_server.py:60:33: E251 unexpected spaces around keyword / parameter equals
E     ./dobot_kinematics/trajectory_validator_server.py:66:9: E303 too many blank lines (3)
E     ./dobot_kinematics/trajectory_validator_server.py:69:5: E303 too many blank lines (2)
E     ./dobot_kinematics/trajectory_validator_server.py:99:5: E303 too many blank lines (3)
E     ./dobot_kinematics/trajectory_validator_server.py:100:13: E117 over-indented
E     ./dobot_kinematics/trajectory_validator_server.py:100:100: E501 line too long (125 &gt; 99 characters)
E     ./dobot_kinematics/trajectory_validator_server.py:103:5: E303 too many blank lines (2)
E     ./dobot_kinematics/trajectory_validator_server.py:104:100: E501 line too long (105 &gt; 99 characters)
E     ./dobot_kinematics/trajectory_validator_server.py:109:5: E303 too many blank lines (3)
E     ./dobot_kinematics/trajectory_validator_server.py:114:12: E111 indentation is not a multiple of 4
E     ./dobot_kinematics/trajectory_validator_server.py:116:1: W293 blank line contains whitespace
E     ./dobot_kinematics/trajectory_validator_server.py:118:50: E231 missing whitespace after ','
E     ./dobot_kinematics/trajectory_validator_server.py:128:12: E111 indentation is not a multiple of 4
E     ./dobot_kinematics/trajectory_validator_server.py:132:5: E303 too many blank lines (2)
E     ./dobot_kinematics/trajectory_validator_server.py:137:25: E712 comparison to False should be 'if cond is False:' or 'if not cond:'
E     ./dobot_kinematics/trajectory_validator_server.py:139:100: E501 line too long (210 &gt; 99 characters)
E     ./dobot_kinematics/trajectory_validator_server.py:141:100: E501 line too long (123 &gt; 99 characters)
E     ./dobot_kinematics/trajectory_validator_server.py:144:1: W293 blank line contains whitespace
E     ./dobot_kinematics/trajectory_validator_server.py:148:100: E501 line too long (121 &gt; 99 characters)
E     ./dobot_kinematics/trajectory_validator_server.py:149:100: E501 line too long (125 &gt; 99 characters)
E     ./dobot_kinematics/trajectory_validator_server.py:150:13: F841 local variable 'cartesian_target_list' is assigned to but never used
E     ./dobot_kinematics/trajectory_validator_server.py:150:100: E501 line too long (128 &gt; 99 characters)
E     ./dobot_kinematics/trajectory_validator_server.py:155:27: E712 comparison to False should be 'if cond is False:' or 'if not cond:'
E     ./dobot_kinematics/trajectory_validator_server.py:158:29: E712 comparison to False should be 'if cond is False:' or 'if not cond:'
E     ./dobot_kinematics/trajectory_validator_server.py:160:100: E501 line too long (225 &gt; 99 characters)
E     ./dobot_kinematics/trajectory_validator_server.py:162:100: E501 line too long (123 &gt; 99 characters)
E     ./dobot_kinematics/trajectory_validator_server.py:167:9: E303 too many blank lines (2)
E     ./dobot_kinematics/trajectory_validator_server.py:170:23: E712 comparison to False should be 'if cond is False:' or 'if not cond:'
E     ./dobot_kinematics/trajectory_validator_server.py:173:25: E712 comparison to False should be 'if cond is False:' or 'if not cond:'
E     ./dobot_kinematics/trajectory_validator_server.py:175:100: E501 line too long (210 &gt; 99 characters)
E     ./dobot_kinematics/trajectory_validator_server.py:177:100: E501 line too long (123 &gt; 99 characters)
E     ./dobot_kinematics/trajectory_validator_server.py:182:9: E303 too many blank lines (2)
E     ./dobot_kinematics/trajectory_validator_server.py:183:100: E501 line too long (109 &gt; 99 characters)
E     ./dobot_kinematics/trajectory_validator_server.py:188:27: E712 comparison to False should be 'if cond is False:' or 'if not cond:'
E     ./dobot_kinematics/trajectory_validator_server.py:191:29: E712 comparison to False should be 'if cond is False:' or 'if not cond:'
E     ./dobot_kinematics/trajectory_validator_server.py:193:100: E501 line too long (210 &gt; 99 characters)
E     ./dobot_kinematics/trajectory_validator_server.py:195:100: E501 line too long (123 &gt; 99 characters)
E     ./dobot_kinematics/trajectory_validator_server.py:199:47: W291 trailing whitespace
E     ./dobot_kinematics/trajectory_validator_server.py:200:13: E265 block comment should start with '# '
E     ./dobot_kinematics/trajectory_validator_server.py:217:11: W292 no newline at end of file
E     ./dobot_kinematics/dobot_inv_kin.py:1:1: F811 redefinition of unused 'degrees' from line 1
E     ./dobot_kinematics/dobot_inv_kin.py:3:1: E302 expected 2 blank lines, found 1
E     ./dobot_kinematics/dobot_inv_kin.py:7:22: W291 trailing whitespace
E     ./dobot_kinematics/dobot_inv_kin.py:11:28: E231 missing whitespace after ','
E     ./dobot_kinematics/dobot_inv_kin.py:13:27: E231 missing whitespace after ','
E     ./dobot_kinematics/dobot_inv_kin.py:13:38: E231 missing whitespace after ','
E     ./dobot_kinematics/dobot_inv_kin.py:13:49: E231 missing whitespace after ','
E     ./dobot_kinematics/dobot_inv_kin.py:14:35: E231 missing whitespace after ','
E     ./dobot_kinematics/dobot_inv_kin.py:14:46: E231 missing whitespace after ','
E     ./dobot_kinematics/dobot_inv_kin.py:15:25: E201 whitespace after '('
E     ./dobot_kinematics/dobot_inv_kin.py:15:51: E231 missing whitespace after ','
E     ./dobot_kinematics/dobot_inv_kin.py:15:68: E231 missing whitespace after ','
E     ./dobot_kinematics/dobot_inv_kin.py:15:71: E202 whitespace before ')'
E     ./dobot_kinematics/dobot_inv_kin.py:15:77: E201 whitespace after '('
E     ./dobot_kinematics/dobot_inv_kin.py:15:100: E501 line too long (112 &gt; 99 characters)
E     ./dobot_kinematics/dobot_inv_kin.py:15:109: E202 whitespace before ')'
E     ./dobot_kinematics/dobot_inv_kin.py:21:29: E201 whitespace after '('
E     ./dobot_kinematics/dobot_inv_kin.py:21:55: E231 missing whitespace after ','
E     ./dobot_kinematics/dobot_inv_kin.py:21:72: E231 missing whitespace after ','
E     ./dobot_kinematics/dobot_inv_kin.py:21:75: E202 whitespace before ')'
E     ./dobot_kinematics/dobot_inv_kin.py:21:81: E201 whitespace after '('
E     ./dobot_kinematics/dobot_inv_kin.py:21:94: E225 missing whitespace around operator
E     ./dobot_kinematics/dobot_inv_kin.py:21:95: E222 multiple spaces after operator
E     ./dobot_kinematics/dobot_inv_kin.py:21:100: E501 line too long (106 &gt; 99 characters)
E     ./dobot_kinematics/dobot_inv_kin.py:22:42: W291 trailing whitespace
E     ./dobot_kinematics/dobot_inv_kin.py:24:25: E201 whitespace after '['
E     ./dobot_kinematics/dobot_inv_kin.py:24:100: E501 line too long (147 &gt; 99 characters)
E     ./dobot_kinematics/dobot_inv_kin.py:24:126: E261 at least two spaces before inline comment
E     ./dobot_kinematics/dobot_inv_kin.py:25:5: E722 do not use bare 'except'
E     ./dobot_kinematics/dobot_inv_kin.py:30:1: W391 blank line at end of file
E     ./dobot_kinematics/trajectory_validator_client.py:5:100: E501 line too long (101 &gt; 99 characters)
E     ./dobot_kinematics/trajectory_validator_client.py:7:1: E302 expected 2 blank lines, found 1
E     ./dobot_kinematics/trajectory_validator_client.py:11:100: E501 line too long (109 &gt; 99 characters)
E     ./dobot_kinematics/trajectory_validator_client.py:30:5: E122 continuation line missing indentation or outdented
E     ./dobot_kinematics/trajectory_validator_client.py:30:38: E225 missing whitespace around operator
E     ./dobot_kinematics/trajectory_validator_client.py:38:1: W391 blank line at end of file
E     ./dobot_kinematics/collision_utils.py:70:5: E303 too many blank lines (2)
E     ./dobot_kinematics/collision_utils.py:98:58: E251 unexpected spaces around keyword / parameter equals
E     ./dobot_kinematics/collision_utils.py:98:60: E251 unexpected spaces around keyword / parameter equals
E     ./dobot_kinematics/collision_utils.py:102:9: E303 too many blank lines (2)
E     ./dobot_kinematics/collision_utils.py:115:13: E303 too many blank lines (2)
E     ./dobot_kinematics/collision_utils.py:120:75: E261 at least two spaces before inline comment
E     ./dobot_kinematics/collision_utils.py:120:100: E501 line too long (144 &gt; 99 characters)
E     ./dobot_kinematics/collision_utils.py:125:5: E303 too many blank lines (2)
E     ./dobot_kinematics/collision_utils.py:129:17: E117 over-indented
E     ./dobot_kinematics/collision_utils.py:141:35: W291 trailing whitespace
E     ./dobot_kinematics/collision_detection_server.py:1:1: F401 'time' imported but unused
E     ./dobot_kinematics/collision_detection_server.py:15:1: E303 too many blank lines (3)
E     ./dobot_kinematics/collision_detection_server.py:21:5: E303 too many blank lines (2)
E     ./dobot_kinematics/collision_detection_server.py:28:55: E203 whitespace before ','
E     ./dobot_kinematics/collision_detection_server.py:28:56: E231 missing whitespace after ','
E     ./dobot_kinematics/collision_detection_server.py:28:69: W291 trailing whitespace
E     ./dobot_kinematics/collision_detection_server.py:29:61: E231 missing whitespace after ','
E     ./dobot_kinematics/collision_detection_server.py:29:67: E225 missing whitespace around operator
E     ./dobot_kinematics/collision_detection_server.py:29:100: E501 line too long (141 &gt; 99 characters)
E     ./dobot_kinematics/collision_detection_server.py:45:9: E303 too many blank lines (2)
E     ./dobot_kinematics/collision_detection_server.py:65:24: E203 whitespace before ':'
E     ./dobot_kinematics/collision_detection_server.py:72:5: E303 too many blank lines (2)
E     ./dobot_kinematics/collision_detection_server.py:87:53: E251 unexpected spaces around keyword / parameter equals
E     ./dobot_kinematics/collision_detection_server.py:87:55: E251 unexpected spaces around keyword / parameter equals
E     ./dobot_kinematics/collision_detection_server.py:91:5: E303 too many blank lines (2)
E     ./dobot_kinematics/collision_detection_server.py:92:71: E251 unexpected spaces around keyword / parameter equals
E     ./dobot_kinematics/collision_detection_server.py:92:73: E251 unexpected spaces around keyword / parameter equals
E     ./dobot_kinematics/collision_detection_server.py:99:100: E501 line too long (156 &gt; 99 characters)
E     ./dobot_kinematics/collision_detection_server.py:100:100: E501 line too long (169 &gt; 99 characters)
E     ./dobot_kinematics/collision_detection_server.py:109:16: E225 missing whitespace around operator
E     ./dobot_kinematics/collision_detection_server.py:114:1: W293 blank line contains whitespace
E     ./dobot_kinematics/collision_detection_server.py:115:5: E303 too many blank lines (2)
E     ./dobot_kinematics/collision_detection_server.py:127:9: E303 too many blank lines (2)
E     ./dobot_kinematics/collision_detection_server.py:131:77: W291 trailing whitespace
E     ./dobot_kinematics/collision_detection_server.py:133:73: W291 trailing whitespace
E     ./dobot_kinematics/collision_detection_server.py:139:9: E303 too many blank lines (2)
E     ./dobot_kinematics/collision_detection_server.py:139:26: E712 comparison to True should be 'if cond is True:' or 'if cond:'
E     ./dobot_kinematics/collision_detection_server.py:139:50: E225 missing whitespace around operator
E     ./dobot_kinematics/collision_detection_server.py:143:100: E501 line too long (101 &gt; 99 characters)
E     ./dobot_kinematics/collision_detection_server.py:145:28: E712 comparison to False should be 'if cond is False:' or 'if not cond:'
E     ./dobot_kinematics/collision_detection_server.py:145:53: E225 missing whitespace around operator
E     ./dobot_kinematics/collision_detection_server.py:151:28: E712 comparison to True should be 'if cond is True:' or 'if cond:'
E     ./dobot_kinematics/collision_detection_server.py:151:52: E225 missing whitespace around operator
E     ./dobot_kinematics/collision_detection_server.py:155:100: E501 line too long (155 &gt; 99 characters)
E     ./dobot_kinematics/collision_detection_server.py:157:28: E712 comparison to False should be 'if cond is False:' or 'if not cond:'
E     ./dobot_kinematics/collision_detection_server.py:157:53: E225 missing whitespace around operator
E     ./dobot_kinematics/collision_detection_server.py:161:100: E501 line too long (107 &gt; 99 characters)
E     ./dobot_kinematics/collision_detection_server.py:163:1: W293 blank line contains whitespace
E     ./dobot_kinematics/collision_detection_server.py:165:9: E303 too many blank lines (2)
E     ./dobot_kinematics/collision_detection_server.py:175:26: E251 unexpected spaces around keyword / parameter equals
E     ./dobot_kinematics/collision_detection_server.py:175:28: E251 unexpected spaces around keyword / parameter equals
E     ./dobot_kinematics/collision_detection_server.py:183:100: E501 line too long (114 &gt; 99 characters)
E     ./dobot_kinematics/collision_detection_server.py:194:1: W293 blank line contains whitespace
E     ./dobot_kinematics/collision_detection_server.py:196:30: E251 unexpected spaces around keyword / parameter equals
E     ./dobot_kinematics/collision_detection_server.py:196:32: E251 unexpected spaces around keyword / parameter equals
E     ./dobot_kinematics/collision_detection_server.py:202:13: E303 too many blank lines (2)
E     ./launch/dobot_validate_trajectory.launch.py:7:1: E302 expected 2 blank lines, found 1
E     ./launch/dobot_validate_trajectory.launch.py:16:5: E122 continuation line missing indentation or outdented
E     ./launch/dobot_validate_trajectory.launch.py:21:5: E122 continuation line missing indentation or outdented
E     ./launch/dobot_validate_trajectory.launch.py:23:23: E231 missing whitespace after ','
E     ./launch/dobot_validate_trajectory.launch.py:28:1: W391 blank line at end of file
E   assert 1 == 0</failure></testcase><testcase classname="dobot_kinematics.test.test_pep257" name="test_pep257" time="0.123"><failure message="AssertionError: Found code style errors / warnings&#10;assert 1 == 0">test/test_pep257.py:23: in test_pep257
    assert rc == 0, 'Found code style errors / warnings'
E   AssertionError: Found code style errors / warnings
E   assert 1 == 0</failure></testcase></testsuite></testsuites>