<?xml version="1.0" encoding="utf-8"?><testsuites><testsuite name="pytest" errors="0" failures="2" skipped="0" tests="3" time="1.612" timestamp="2026-07-03T13:56:58.989814" hostname="jetson-orin"><testcase classname="dobot_demos.test.test_copyright" name="test_copyright" time="0.726"><failure message="AssertionError: Found errors&#10;assert 1 == 0">test/test_copyright.py:23: in test_copyright
    assert rc == 0, 'Found errors'
E   AssertionError: Found errors
E   assert 1 == 0</failure></testcase><testcase classname="dobot_demos.test.test_flake8" name="test_flake8" time="0.482"><failure message="AssertionError: Found 28 code style errors / warnings:&#10;  ./setup.py:31:1: W391 blank line at end of file&#10;  ./dobot_demos/PTP_client.py:5:1: F401 'time' imported but unused&#10;  ./dobot_demos/PTP_client.py:15:5: E303 too many blank lines (2)&#10;  ./dobot_demos/PTP_client.py:15:35: W291 trailing whitespace&#10;  ./dobot_demos/PTP_client.py:77:35: E251 unexpected spaces around keyword / parameter equals&#10;  ./dobot_demos/PTP_client.py:77:37: E251 unexpected spaces around keyword / parameter equals&#10;  ./dobot_demos/PTP_client.py:77:68: E251 unexpected spaces around keyword / parameter equals&#10;  ./dobot_demos/PTP_client.py:77:70: E251 unexpected spaces around keyword / parameter equals&#10;  ./dobot_demos/pick_and_place.py:16:100: E501 line too long (117 &gt; 99 characters)&#10;  ./dobot_demos/pick_and_place.py:17:47: E251 unexpected spaces around keyword / parameter equals&#10;  ./dobot_demos/pick_and_place.py:17:49: E251 unexpected spaces around keyword / parameter equals&#10;  ./dobot_demos/pick_and_place.py:17:74: E251 unexpected spaces around keyword / parameter equals&#10;  ./dobot_demos/pick_and_place.py:17:76: E251 unexpected spaces around keyword / parameter equals&#10;  ./dobot_demos/pick_and_place.py:17:100: E501 line too long (143 &gt; 99 characters)&#10;  ./dobot_demos/pick_and_place.py:17:116: E251 unexpected spaces around keyword / parameter equals&#10;  ./dobot_demos/pick_and_place.py:17:118: E251 unexpected spaces around keyword / parameter equals&#10;  ./dobot_demos/pick_and_place.py:39:13: E117 over-indented&#10;  ./dobot_demos/pick_and_place.py:47:100: E501 line too long (113 &gt; 99 characters)&#10;  ./dobot_demos/pick_and_place.py:54:5: E303 too many blank lines (2)&#10;  ./dobot_demos/pick_and_place.py:67:5: E303 too many blank lines (2)&#10;  ./dobot_demos/pick_and_place.py:74:100: E501 line too long (120 &gt; 99 characters)&#10;  ./dobot_demos/pick_and_place.py:116:1: W391 blank line at end of file&#10;  ./dobot_demos/homing_client.py:16:5: E303 too many blank lines (2)&#10;  ./dobot_demos/homing_client.py:35:1: W391 blank line at end of file&#10;  ./dobot_demos/gripper_client.py:29:42: E225 missing whitespace around operator&#10;  ./dobot_demos/gripper_client.py:37:1: W391 blank line at end of file&#10;  ./dobot_demos/suction_cup_client.py:28:42: E225 missing whitespace around operator&#10;  ./dobot_demos/suction_cup_client.py:36:1: W391 blank line at end of file&#10;assert 1 == 0">test/test_flake8.py:23: in test_flake8
    assert rc == 0, \
E   AssertionError: Found 28 code style errors / warnings:
E     ./setup.py:31:1: W391 blank line at end of file
E     ./dobot_demos/PTP_client.py:5:1: F401 'time' imported but unused
E     ./dobot_demos/PTP_client.py:15:5: E303 too many blank lines (2)
E     ./dobot_demos/PTP_client.py:15:35: W291 trailing whitespace
E     ./dobot_demos/PTP_client.py:77:35: E251 unexpected spaces around keyword / parameter equals
E     ./dobot_demos/PTP_client.py:77:37: E251 unexpected spaces around keyword / parameter equals
E     ./dobot_demos/PTP_client.py:77:68: E251 unexpected spaces around keyword / parameter equals
E     ./dobot_demos/PTP_client.py:77:70: E251 unexpected spaces around keyword / parameter equals
E     ./dobot_demos/pick_and_place.py:16:100: E501 line too long (117 &gt; 99 characters)
E     ./dobot_demos/pick_and_place.py:17:47: E251 unexpected spaces around keyword / parameter equals
E     ./dobot_demos/pick_and_place.py:17:49: E251 unexpected spaces around keyword / parameter equals
E     ./dobot_demos/pick_and_place.py:17:74: E251 unexpected spaces around keyword / parameter equals
E     ./dobot_demos/pick_and_place.py:17:76: E251 unexpected spaces around keyword / parameter equals
E     ./dobot_demos/pick_and_place.py:17:100: E501 line too long (143 &gt; 99 characters)
E     ./dobot_demos/pick_and_place.py:17:116: E251 unexpected spaces around keyword / parameter equals
E     ./dobot_demos/pick_and_place.py:17:118: E251 unexpected spaces around keyword / parameter equals
E     ./dobot_demos/pick_and_place.py:39:13: E117 over-indented
E     ./dobot_demos/pick_and_place.py:47:100: E501 line too long (113 &gt; 99 characters)
E     ./dobot_demos/pick_and_place.py:54:5: E303 too many blank lines (2)
E     ./dobot_demos/pick_and_place.py:67:5: E303 too many blank lines (2)
E     ./dobot_demos/pick_and_place.py:74:100: E501 line too long (120 &gt; 99 characters)
E     ./dobot_demos/pick_and_place.py:116:1: W391 blank line at end of file
E     ./dobot_demos/homing_client.py:16:5: E303 too many blank lines (2)
E     ./dobot_demos/homing_client.py:35:1: W391 blank line at end of file
E     ./dobot_demos/gripper_client.py:29:42: E225 missing whitespace around operator
E     ./dobot_demos/gripper_client.py:37:1: W391 blank line at end of file
E     ./dobot_demos/suction_cup_client.py:28:42: E225 missing whitespace around operator
E     ./dobot_demos/suction_cup_client.py:36:1: W391 blank line at end of file
E   assert 1 == 0</failure></testcase><testcase classname="dobot_demos.test.test_pep257" name="test_pep257" time="0.112" /></testsuite></testsuites>