<?xml version="1.0" encoding="utf-8"?><testsuites><testsuite name="pytest" errors="0" failures="2" skipped="0" tests="3" time="1.277" timestamp="2026-07-03T13:57:05.121051" hostname="jetson-orin"><testcase classname="dobot_state_updater.test.test_copyright" name="test_copyright" time="0.617"><failure message="AssertionError: Found errors&#10;assert 1 == 0">test/test_copyright.py:23: in test_copyright
    assert rc == 0, 'Found errors'
E   AssertionError: Found errors
E   assert 1 == 0</failure></testcase><testcase classname="dobot_state_updater.test.test_flake8" name="test_flake8" time="0.393"><failure message="AssertionError: Found 16 code style errors / warnings:&#10;  ./dobot_state_updater/dobot_state_publ.py:4:42: W291 trailing whitespace&#10;  ./dobot_state_updater/dobot_state_publ.py:16:1: E302 expected 2 blank lines, found 1&#10;  ./dobot_state_updater/dobot_state_publ.py:25:100: E501 line too long (118 &gt; 99 characters)&#10;  ./dobot_state_updater/dobot_state_publ.py:28:34: E261 at least two spaces before inline comment&#10;  ./dobot_state_updater/dobot_state_publ.py:58:34: E712 comparison to True should be 'if cond is True:' or 'if cond:'&#10;  ./dobot_state_updater/dobot_state_publ.py:60:29: E711 comparison to None should be 'if cond is None:'&#10;  ./dobot_state_updater/dobot_state_publ.py:62:29: E711 comparison to None should be 'if cond is not None:'&#10;  ./dobot_state_updater/dobot_state_publ.py:68:38: E227 missing whitespace around bitwise or shift operator&#10;  ./dobot_state_updater/dobot_state_publ.py:76:5: E303 too many blank lines (2)&#10;  ./dobot_state_updater/dobot_state_publ.py:88:100: E501 line too long (141 &gt; 99 characters)&#10;  ./dobot_state_updater/dobot_state_publ.py:89:100: E501 line too long (152 &gt; 99 characters)&#10;  ./dobot_state_updater/dobot_state_publ.py:90:100: E501 line too long (110 &gt; 99 characters)&#10;  ./dobot_state_updater/dobot_state_publ.py:92:100: E501 line too long (143 &gt; 99 characters)&#10;  ./dobot_state_updater/dobot_state_publ.py:128:33: E712 comparison to True should be 'if cond is True:' or 'if cond:'&#10;  ./dobot_state_updater/dobot_state_publ.py:133:1: E302 expected 2 blank lines, found 1&#10;  ./dobot_state_updater/dobot_state_publ.py:144:11: W292 no newline at end of file&#10;assert 1 == 0">test/test_flake8.py:23: in test_flake8
    assert rc == 0, \
E   AssertionError: Found 16 code style errors / warnings:
E     ./dobot_state_updater/dobot_state_publ.py:4:42: W291 trailing whitespace
E     ./dobot_state_updater/dobot_state_publ.py:16:1: E302 expected 2 blank lines, found 1
E     ./dobot_state_updater/dobot_state_publ.py:25:100: E501 line too long (118 &gt; 99 characters)
E     ./dobot_state_updater/dobot_state_publ.py:28:34: E261 at least two spaces before inline comment
E     ./dobot_state_updater/dobot_state_publ.py:58:34: E712 comparison to True should be 'if cond is True:' or 'if cond:'
E     ./dobot_state_updater/dobot_state_publ.py:60:29: E711 comparison to None should be 'if cond is None:'
E     ./dobot_state_updater/dobot_state_publ.py:62:29: E711 comparison to None should be 'if cond is not None:'
E     ./dobot_state_updater/dobot_state_publ.py:68:38: E227 missing whitespace around bitwise or shift operator
E     ./dobot_state_updater/dobot_state_publ.py:76:5: E303 too many blank lines (2)
E     ./dobot_state_updater/dobot_state_publ.py:88:100: E501 line too long (141 &gt; 99 characters)
E     ./dobot_state_updater/dobot_state_publ.py:89:100: E501 line too long (152 &gt; 99 characters)
E     ./dobot_state_updater/dobot_state_publ.py:90:100: E501 line too long (110 &gt; 99 characters)
E     ./dobot_state_updater/dobot_state_publ.py:92:100: E501 line too long (143 &gt; 99 characters)
E     ./dobot_state_updater/dobot_state_publ.py:128:33: E712 comparison to True should be 'if cond is True:' or 'if cond:'
E     ./dobot_state_updater/dobot_state_publ.py:133:1: E302 expected 2 blank lines, found 1
E     ./dobot_state_updater/dobot_state_publ.py:144:11: W292 no newline at end of file
E   assert 1 == 0</failure></testcase><testcase classname="dobot_state_updater.test.test_pep257" name="test_pep257" time="0.050" /></testsuite></testsuites>