Start testing: Jul 03 13:56 +07
----------------------------------------------------------
1/3 Testing: copyright
1/3 Test: copyright
Command: "/usr/bin/python3" "-u" "/opt/ros/humble/share/ament_cmake_test/cmake/run_test.py" "/home/jetson/dobot-magician/build/dobot_msgs/test_results/dobot_msgs/copyright.xunit.xml" "--package-name" "dobot_msgs" "--output-file" "/home/jetson/dobot-magician/build/dobot_msgs/ament_copyright/copyright.txt" "--command" "/opt/ros/humble/bin/ament_copyright" "--xunit-file" "/home/jetson/dobot-magician/build/dobot_msgs/test_results/dobot_msgs/copyright.xunit.xml"
Directory: /home/jetson/dobot-magician/src/magician_ros2/dobot_msgs
"copyright" start time: Jul 03 13:56 +07
Output:
----------------------------------------------------------
-- run_test.py: invoking following command in '/home/jetson/dobot-magician/src/magician_ros2/dobot_msgs':
 - /opt/ros/humble/bin/ament_copyright --xunit-file /home/jetson/dobot-magician/build/dobot_msgs/test_results/dobot_msgs/copyright.xunit.xml
No repository roots and files found
No problems found, checked 0 files
-- run_test.py: return code 0
-- run_test.py: verify result file '/home/jetson/dobot-magician/build/dobot_msgs/test_results/dobot_msgs/copyright.xunit.xml'
<end of output>
Test time =   0.87 sec
----------------------------------------------------------
Test Passed.
"copyright" end time: Jul 03 13:56 +07
"copyright" time elapsed: 00:00:00
----------------------------------------------------------

2/3 Testing: lint_cmake
2/3 Test: lint_cmake
Command: "/usr/bin/python3" "-u" "/opt/ros/humble/share/ament_cmake_test/cmake/run_test.py" "/home/jetson/dobot-magician/build/dobot_msgs/test_results/dobot_msgs/lint_cmake.xunit.xml" "--package-name" "dobot_msgs" "--output-file" "/home/jetson/dobot-magician/build/dobot_msgs/ament_lint_cmake/lint_cmake.txt" "--command" "/opt/ros/humble/bin/ament_lint_cmake" "--xunit-file" "/home/jetson/dobot-magician/build/dobot_msgs/test_results/dobot_msgs/lint_cmake.xunit.xml"
Directory: /home/jetson/dobot-magician/src/magician_ros2/dobot_msgs
"lint_cmake" start time: Jul 03 13:56 +07
Output:
----------------------------------------------------------
-- run_test.py: invoking following command in '/home/jetson/dobot-magician/src/magician_ros2/dobot_msgs':
 - /opt/ros/humble/bin/ament_lint_cmake --xunit-file /home/jetson/dobot-magician/build/dobot_msgs/test_results/dobot_msgs/lint_cmake.xunit.xml

No problems found
-- run_test.py: return code 0
-- run_test.py: verify result file '/home/jetson/dobot-magician/build/dobot_msgs/test_results/dobot_msgs/lint_cmake.xunit.xml'
<end of output>
Test time =   0.55 sec
----------------------------------------------------------
Test Passed.
"lint_cmake" end time: Jul 03 13:56 +07
"lint_cmake" time elapsed: 00:00:00
----------------------------------------------------------

3/3 Testing: xmllint
3/3 Test: xmllint
Command: "/usr/bin/python3" "-u" "/opt/ros/humble/share/ament_cmake_test/cmake/run_test.py" "/home/jetson/dobot-magician/build/dobot_msgs/test_results/dobot_msgs/xmllint.xunit.xml" "--package-name" "dobot_msgs" "--output-file" "/home/jetson/dobot-magician/build/dobot_msgs/ament_xmllint/xmllint.txt" "--command" "/opt/ros/humble/bin/ament_xmllint" "--xunit-file" "/home/jetson/dobot-magician/build/dobot_msgs/test_results/dobot_msgs/xmllint.xunit.xml"
Directory: /home/jetson/dobot-magician/src/magician_ros2/dobot_msgs
"xmllint" start time: Jul 03 13:56 +07
Output:
----------------------------------------------------------
-- run_test.py: invoking following command in '/home/jetson/dobot-magician/src/magician_ros2/dobot_msgs':
 - /opt/ros/humble/bin/ament_xmllint --xunit-file /home/jetson/dobot-magician/build/dobot_msgs/test_results/dobot_msgs/xmllint.xunit.xml
File 'package.xml' is invalid:
warning: failed to load external entity "http://download.ros.org/schema/package_format3.xsd"
Schemas parser error : Failed to locate the main schema resource at 'http://download.ros.org/schema/package_format3.xsd'.
WXS schema http://download.ros.org/schema/package_format3.xsd failed to compile

1 files are invalid
-- run_test.py: return code 1
-- run_test.py: verify result file '/home/jetson/dobot-magician/build/dobot_msgs/test_results/dobot_msgs/xmllint.xunit.xml'
<end of output>
Test time =   0.65 sec
----------------------------------------------------------
Test Failed.
"xmllint" end time: Jul 03 13:56 +07
"xmllint" time elapsed: 00:00:00
----------------------------------------------------------

End testing: Jul 03 13:56 +07

copyright =   0.87 sec*proc

lint_cmake =   0.55 sec*proc

linter =   2.07 sec*proc

xmllint =   0.65 sec*proc

